TN:
SF:C:\Pet-Project\OnlineStore\OnlineStore.Api\Controllers\AdminUsersController.cs
FN:11,.ctor(OnlineStore.Infrastructure.Persistence.AppDbContext)
FN:15,MakeAdmin()
FN:24,RemoveAdmin()
FNDA:0,.ctor(OnlineStore.Infrastructure.Persistence.AppDbContext)
FNDA:0,MakeAdmin()
FNDA:0,RemoveAdmin()
FNF:3
FNH:0
BRDA:17,17,0,-
BRDA:17,17,1,-
BRDA:18,18,2,-
BRDA:18,18,3,-
BRDA:26,26,4,-
BRDA:26,26,5,-
BRDA:27,27,6,-
BRDA:27,27,7,-
BRF:8
BRH:0
DA:11,0
DA:15,0
DA:16,0
DA:17,0
DA:18,0
DA:19,0
DA:20,0
DA:24,0
DA:25,0
DA:26,0
DA:27,0
DA:28,0
DA:29,0
LH:0
LF:13
end_of_record
SF:C:\Pet-Project\OnlineStore\OnlineStore.Api\Controllers\AuthController.cs
FN:30,GetClientInfo()
FN:36,IsProd()
FN:21,.ctor(OnlineStore.Application.Interfaces.Services.IAuthService,Microsoft.Extensions.Hosting.IHostEnvironment)
FN:167,AdminLogoutAll()
FN:157,CloseSession()
FN:64,Login()
FN:111,Logout()
FN:131,LogoutAll()
FN:86,Refresh()
FN:44,Register()
FN:148,Sessions()
FNDA:8,GetClientInfo()
FNDA:0,IsProd()
FNDA:16,.ctor(OnlineStore.Application.Interfaces.Services.IAuthService,Microsoft.Extensions.Hosting.IHostEnvironment)
FNDA:0,AdminLogoutAll()
FNDA:0,CloseSession()
FNDA:4,Login()
FNDA:4,Logout()
FNDA:0,LogoutAll()
FNDA:4,Refresh()
FNDA:4,Register()
FNDA:0,Sessions()
FNF:11
FNH:6
BRDA:31,31,8,4
BRDA:31,31,9,-
BRDA:67,67,10,4
BRDA:67,67,11,4
BRDA:113,113,12,4
BRDA:113,113,13,4
BRDA:88,88,14,4
BRDA:88,88,15,-
BRDA:94,94,16,4
BRDA:94,94,17,4
BRDA:47,47,18,4
BRDA:47,47,19,4
BRF:12
BRH:10
DA:21,16
DA:22,16
DA:23,16
DA:24,16
DA:25,16
DA:30,8
DA:31,8
DA:32,8
DA:33,8
DA:34,8
DA:36,0
DA:44,4
DA:45,4
DA:47,4
DA:48,4
DA:49,4
DA:50,4
DA:51,4
DA:52,4
DA:53,4
DA:54,4
DA:55,4
DA:57,4
DA:58,4
DA:64,4
DA:65,4
DA:67,4
DA:68,4
DA:69,4
DA:70,4
DA:71,4
DA:72,4
DA:73,4
DA:74,4
DA:75,4
DA:77,4
DA:78,4
DA:86,4
DA:87,4
DA:88,4
DA:89,0
DA:91,4
DA:92,4
DA:94,4
DA:95,4
DA:96,4
DA:97,4
DA:98,4
DA:99,4
DA:100,4
DA:101,4
DA:102,4
DA:104,4
DA:105,4
DA:111,4
DA:112,4
DA:113,4
DA:114,4
DA:115,4
DA:116,4
DA:118,4
DA:119,4
DA:120,4
DA:121,4
DA:122,4
DA:123,4
DA:124,4
DA:125,4
DA:131,0
DA:132,0
DA:133,0
DA:135,0
DA:136,0
DA:137,0
DA:138,0
DA:139,0
DA:141,0
DA:142,0
DA:148,0
DA:149,0
DA:150,0
DA:151,0
DA:157,0
DA:158,0
DA:159,0
DA:160,0
DA:161,0
DA:167,0
DA:168,0
DA:169,0
DA:170,0
DA:171,0
LH:66
LF:92
end_of_record
SF:C:\Pet-Project\OnlineStore\OnlineStore.Api\Extensions\RateLimitingExtensions.cs
FN:21,AddAuthRateLimiting(Microsoft.Extensions.DependencyInjection.IServiceCollection)
FN:86,UseAuthRateLimiting(Microsoft.AspNetCore.Builder.IApplicationBuilder)
FNDA:0,AddAuthRateLimiting(Microsoft.Extensions.DependencyInjection.IServiceCollection)
FNDA:0,UseAuthRateLimiting(Microsoft.AspNetCore.Builder.IApplicationBuilder)
FNF:2
FNH:0
BRDA:51,51,20,-
BRDA:51,51,21,-
BRDA:51,51,22,-
BRDA:51,51,23,-
BRDA:66,66,24,-
BRDA:66,66,25,-
BRDA:66,66,26,-
BRDA:66,66,27,-
BRF:8
BRH:0
DA:21,0
DA:22,0
DA:23,0
DA:24,0
DA:25,0
DA:26,0
DA:27,0
DA:28,0
DA:29,0
DA:30,0
DA:31,0
DA:32,0
DA:33,0
DA:34,0
DA:35,0
DA:36,0
DA:37,0
DA:38,0
DA:39,0
DA:40,0
DA:41,0
DA:42,0
DA:43,0
DA:44,0
DA:45,0
DA:46,0
DA:47,0
DA:48,0
DA:49,0
DA:50,0
DA:51,0
DA:52,0
DA:53,0
DA:54,0
DA:55,0
DA:56,0
DA:57,0
DA:58,0
DA:59,0
DA:60,0
DA:61,0
DA:62,0
DA:63,0
DA:64,0
DA:65,0
DA:66,0
DA:67,0
DA:68,0
DA:69,0
DA:70,0
DA:71,0
DA:72,0
DA:73,0
DA:74,0
DA:75,0
DA:76,0
DA:77,0
DA:79,0
DA:80,0
DA:86,0
LH:0
LF:60
end_of_record
SF:C:\Pet-Project\OnlineStore\OnlineStore.Api\Extensions\SwaggerExtensions.cs
FN:18,AddSwaggerWithJwt(Microsoft.Extensions.DependencyInjection.IServiceCollection)
FNDA:0,AddSwaggerWithJwt(Microsoft.Extensions.DependencyInjection.IServiceCollection)
FNF:1
FNH:0
BRDA:62,62,28,-
BRDA:62,62,29,-
BRF:2
BRH:0
DA:18,0
DA:19,0
DA:20,0
DA:21,0
DA:22,0
DA:23,0
DA:24,0
DA:25,0
DA:26,0
DA:27,0
DA:28,0
DA:29,0
DA:30,0
DA:31,0
DA:32,0
DA:33,0
DA:34,0
DA:35,0
DA:36,0
DA:37,0
DA:38,0
DA:39,0
DA:40,0
DA:41,0
DA:42,0
DA:43,0
DA:44,0
DA:45,0
DA:46,0
DA:47,0
DA:48,0
DA:49,0
DA:50,0
DA:51,0
DA:52,0
DA:53,0
DA:54,0
DA:55,0
DA:56,0
DA:57,0
DA:58,0
DA:59,0
DA:60,0
DA:61,0
DA:62,0
DA:63,0
DA:64,0
DA:65,0
DA:66,0
DA:67,0
DA:69,0
DA:70,0
LH:0
LF:52
end_of_record
SF:C:\Pet-Project\OnlineStore\OnlineStore.Api\Extensions\ValidationExtensions.cs
FN:20,AddAppValidation(Microsoft.Extensions.DependencyInjection.IServiceCollection)
FNDA:0,AddAppValidation(Microsoft.Extensions.DependencyInjection.IServiceCollection)
FNF:1
FNH:0
BRDA:35,35,30,-
BRDA:35,35,31,-
BRDA:35,35,32,-
BRDA:35,35,33,-
BRF:4
BRH:0
DA:20,0
DA:22,0
DA:26,0
DA:29,0
DA:30,0
DA:31,0
DA:32,0
DA:33,0
DA:34,0
DA:35,0
DA:36,0
DA:37,0
DA:38,0
DA:39,0
DA:40,0
DA:41,0
DA:42,0
DA:43,0
DA:44,0
DA:45,0
DA:46,0
DA:47,0
DA:48,0
DA:49,0
DA:50,0
DA:51,0
DA:52,0
DA:53,0
DA:54,0
DA:55,0
DA:56,0
DA:57,0
DA:58,0
DA:59,0
DA:61,0
DA:62,0
LH:0
LF:36
end_of_record
SF:C:\Pet-Project\OnlineStore\OnlineStore.Api\Middlewares\ExceptionHandlingMiddleware.cs
FN:55,GetTitle(System.Int32)
FN:18,.ctor(Microsoft.AspNetCore.Http.RequestDelegate,Microsoft.Extensions.Logging.ILogger`1<OnlineStore.Api.Middlewares.ExceptionHandlingMiddleware>)
FN:13,.cctor()
FN:25,Invoke()
FN:67,WriteProblem()
FNDA:0,GetTitle(System.Int32)
FNDA:0,.ctor(Microsoft.AspNetCore.Http.RequestDelegate,Microsoft.Extensions.Logging.ILogger`1<OnlineStore.Api.Middlewares.ExceptionHandlingMiddleware>)
FNDA:0,.cctor()
FNDA:0,Invoke()
FNDA:0,WriteProblem()
FNF:5
FNH:0
BRDA:55,55,34,-
BRDA:55,55,35,-
BRDA:55,55,36,-
BRDA:55,55,37,-
BRDA:55,55,38,-
BRDA:55,55,39,-
BRDA:55,55,40,-
BRDA:55,55,41,-
BRDA:46,46,42,-
BRDA:46,46,43,-
BRDA:46,46,44,-
BRDA:46,46,45,-
BRDA:46,46,46,-
BRDA:46,46,47,-
BRF:14
BRH:0
DA:13,0
DA:14,0
DA:15,0
DA:16,0
DA:18,0
DA:19,0
DA:20,0
DA:21,0
DA:22,0
DA:25,0
DA:27,0
DA:28,0
DA:29,0
DA:30,0
DA:31,0
DA:32,0
DA:33,0
DA:34,0
DA:35,0
DA:36,0
DA:37,0
DA:38,0
DA:39,0
DA:40,0
DA:41,0
DA:42,0
DA:43,0
DA:44,0
DA:45,0
DA:46,0
DA:47,0
DA:48,0
DA:49,0
DA:50,0
DA:51,0
DA:52,0
DA:55,0
DA:56,0
DA:57,0
DA:58,0
DA:59,0
DA:60,0
DA:61,0
DA:62,0
DA:63,0
DA:67,0
DA:69,0
DA:70,0
DA:72,0
DA:73,0
DA:74,0
DA:75,0
DA:76,0
DA:77,0
DA:78,0
DA:79,0
DA:80,0
DA:82,0
DA:83,0
DA:84,0
LH:0
LF:60
end_of_record
SF:C:\Pet-Project\OnlineStore\OnlineStore.Api\Security\UserExtensions.cs
FN:8,GetUserId(System.Security.Claims.ClaimsPrincipal)
FNDA:12,GetUserId(System.Security.Claims.ClaimsPrincipal)
FNF:1
FNH:1
BRDA:9,9,48,4
BRDA:9,9,49,4
BRDA:12,12,50,4
BRDA:12,12,51,4
BRDA:12,12,52,4
BRDA:12,12,53,4
BRF:6
BRH:6
DA:8,12
DA:9,12
DA:10,12
DA:12,12
DA:13,4
DA:15,8
DA:16,8
LH:7
LF:7
end_of_record
SF:C:\Pet-Project\OnlineStore\OnlineStore.Api\Program.cs
FN:11,<Main>$(System.String[])
FNDA:0,<Main>$(System.String[])
FNF:1
FNH:0
BRDA:43,43,54,-
BRDA:43,43,55,-
BRDA:43,43,56,-
BRDA:43,43,57,-
BRDA:74,74,58,-
BRDA:74,74,59,-
BRF:6
BRH:0
DA:11,0
DA:14,0
DA:15,0
DA:16,0
DA:19,0
DA:22,0
DA:25,0
DA:26,0
DA:27,0
DA:28,0
DA:31,0
DA:32,0
DA:34,0
DA:37,0
DA:38,0
DA:41,0
DA:42,0
DA:43,0
DA:44,0
DA:45,0
DA:46,0
DA:47,0
DA:48,0
DA:49,0
DA:50,0
DA:51,0
DA:52,0
DA:55,0
DA:56,0
DA:57,0
DA:58,0
DA:59,0
DA:60,0
DA:63,0
DA:64,0
DA:65,0
DA:66,0
DA:67,0
DA:68,0
DA:71,0
DA:74,0
DA:75,0
DA:76,0
DA:77,0
DA:78,0
DA:80,0
DA:81,0
DA:82,0
DA:83,0
DA:86,0
DA:89,0
DA:90,0
DA:91,0
DA:94,0
DA:96,0
LH:0
LF:55
end_of_record
SF:C:\Pet-Project\OnlineStore\OnlineStore.Application\DTOs\Auth\AuthResponse.cs
FN:12,get_Email()
FN:15,get_Token()
FN:22,get_RefreshToken()
FNDA:96,get_Email()
FNDA:96,get_Token()
FNDA:84,get_RefreshToken()
FNF:3
FNH:3
BRF:0
BRH:0
DA:12,96
DA:15,96
DA:22,84
LH:3
LF:3
end_of_record
SF:C:\Pet-Project\OnlineStore\OnlineStore.Application\DTOs\Auth\ChangePasswordRequest.cs
FN:9,get_CurrentPassword()
FN:12,get_NewPassword()
FNDA:44,get_CurrentPassword()
FNDA:44,get_NewPassword()
FNF:2
FNH:2
BRF:0
BRH:0
DA:9,44
DA:12,44
LH:2
LF:2
end_of_record
SF:C:\Pet-Project\OnlineStore\OnlineStore.Application\DTOs\Auth\LoginRequest.cs
FN:8,get_Email()
FN:10,get_Password()
FNDA:88,get_Email()
FNDA:68,get_Password()
FNF:2
FNH:2
BRF:0
BRH:0
DA:8,88
DA:10,68
LH:2
LF:2
end_of_record
SF:C:\Pet-Project\OnlineStore\OnlineStore.Application\DTOs\Auth\RefreshRequest.cs
FN:5,get_RefreshToken()
FNDA:44,get_RefreshToken()
FNF:1
FNH:1
BRF:0
BRH:0
DA:5,44
LH:1
LF:1
end_of_record
SF:C:\Pet-Project\OnlineStore\OnlineStore.Application\DTOs\Auth\RegisterRequest.cs
FN:8,get_Email()
FN:10,get_Password()
FNDA:72,get_Email()
FNDA:60,get_Password()
FNF:2
FNH:2
BRF:0
BRH:0
DA:8,72
DA:10,60
LH:2
LF:2
end_of_record
SF:C:\Pet-Project\OnlineStore\OnlineStore.Application\DTOs\SessionDto.cs
FN:8,get_Id()
FN:9,get_CreatedAt()
FN:10,get_ExpiresAt()
FN:11,get_CreatedByIp()
FN:12,get_CreatedByUa()
FN:13,get_IsActive()
FN:14,get_IsCurrent()
FNDA:4,get_Id()
FNDA:4,get_CreatedAt()
FNDA:4,get_ExpiresAt()
FNDA:4,get_CreatedByIp()
FNDA:4,get_CreatedByUa()
FNDA:8,get_IsActive()
FNDA:4,get_IsCurrent()
FNF:7
FNH:7
BRF:0
BRH:0
DA:8,4
DA:9,4
DA:10,4
DA:11,4
DA:12,4
DA:13,8
DA:14,4
LH:7
LF:7
end_of_record
SF:C:\Pet-Project\OnlineStore\OnlineStore.Application\DTOs\Auth\UserProfileDto.cs
FN:9,get_Id()
FN:12,get_Email()
FN:15,get_CreatedAt()
FNDA:8,get_Id()
FNDA:12,get_Email()
FNDA:8,get_CreatedAt()
FNF:3
FNH:3
BRF:0
BRH:0
DA:9,8
DA:12,12
DA:15,8
LH:3
LF:3
end_of_record
SF:C:\Pet-Project\OnlineStore\OnlineStore.Application\Exceptions\AppException.cs
FN:11,get_StatusCode()
FN:13,.ctor(System.String,System.Net.HttpStatusCode)
FNDA:0,get_StatusCode()
FNDA:20,.ctor(System.String,System.Net.HttpStatusCode)
FNF:2
FNH:1
BRF:0
BRH:0
DA:11,0
DA:13,20
DA:14,20
DA:15,20
DA:16,20
LH:4
LF:5
end_of_record
SF:C:\Pet-Project\OnlineStore\OnlineStore.Application\Exceptions\ConflictAppException.cs
FN:11,.ctor(System.String)
FNDA:12,.ctor(System.String)
FNF:1
FNH:1
BRF:0
BRH:0
DA:11,12
LH:1
LF:1
end_of_record
SF:C:\Pet-Project\OnlineStore\OnlineStore.Application\Exceptions\ForbiddenAppException.cs
FN:8,.ctor(System.String)
FNDA:0,.ctor(System.String)
FNF:1
FNH:0
BRF:0
BRH:0
DA:8,0
DA:9,0
DA:11,0
LH:0
LF:3
end_of_record
SF:C:\Pet-Project\OnlineStore\OnlineStore.Application\Exceptions\NotFoundException.cs
FN:7,.ctor(System.String)
FNDA:4,.ctor(System.String)
FNF:1
FNH:1
BRF:0
BRH:0
DA:7,4
DA:8,4
DA:10,4
LH:3
LF:3
end_of_record
SF:C:\Pet-Project\OnlineStore\OnlineStore.Application\Exceptions\UnauthorizedAppException.cs
FN:7,.ctor(System.String)
FNDA:12,.ctor(System.String)
FNF:1
FNH:1
BRF:0
BRH:0
DA:7,12
DA:8,12
DA:10,12
LH:3
LF:3
end_of_record
SF:C:\Pet-Project\OnlineStore\OnlineStore.Application\Extensions\MappingServiceCollectionExtensions.cs
FN:12,AddMappings(Microsoft.Extensions.DependencyInjection.IServiceCollection)
FNDA:0,AddMappings(Microsoft.Extensions.DependencyInjection.IServiceCollection)
FNF:1
FNH:0
BRF:0
BRH:0
DA:12,0
DA:14,0
DA:15,0
DA:16,0
LH:0
LF:4
end_of_record
SF:C:\Pet-Project\OnlineStore\OnlineStore.Application\Mappings\UserProfile.cs
FN:9,.ctor()
FNDA:0,.ctor()
FNF:1
FNH:0
BRF:0
BRH:0
DA:9,0
DA:10,0
DA:12,0
DA:15,0
DA:16,0
DA:17,0
DA:18,0
DA:19,0
DA:20,0
LH:0
LF:9
end_of_record
SF:C:\Pet-Project\OnlineStore\OnlineStore.Application\Validation\Auth\ChangePasswordRequestValidator.cs
FN:12,.ctor()
FNDA:4,.ctor()
FNF:1
FNH:1
BRF:0
BRH:0
DA:12,4
DA:13,4
DA:14,4
DA:15,4
DA:16,4
DA:17,4
DA:19,4
DA:20,4
DA:21,4
DA:23,4
DA:24,8
DA:25,4
DA:26,4
LH:13
LF:13
end_of_record
SF:C:\Pet-Project\OnlineStore\OnlineStore.Application\Validation\Auth\LoginRequestValidator.cs
FN:12,.ctor()
FNDA:4,.ctor()
FNF:1
FNH:1
BRF:0
BRH:0
DA:12,4
DA:13,4
DA:14,4
DA:15,4
DA:16,4
DA:17,4
DA:18,4
DA:19,4
DA:21,4
DA:22,4
DA:23,4
DA:24,4
LH:12
LF:12
end_of_record
SF:C:\Pet-Project\OnlineStore\OnlineStore.Application\Validation\Auth\RegisterRequestValidator.cs
FN:12,.ctor()
FNDA:4,.ctor()
FNF:1
FNH:1
BRF:0
BRH:0
DA:12,4
DA:13,4
DA:14,4
DA:15,4
DA:16,4
DA:17,4
DA:18,4
DA:19,4
DA:20,4
DA:23,4
DA:24,4
DA:25,4
DA:28,4
DA:29,8
DA:30,4
DA:31,4
LH:16
LF:16
end_of_record
SF:C:\Pet-Project\OnlineStore\OnlineStore.Application\Validation\Extensions\EmailRuleExtensions.cs
FN:9,MustHaveDomainWithTld(FluentValidation.IRuleBuilder`2<T,System.String>)
FNDA:8,MustHaveDomainWithTld(FluentValidation.IRuleBuilder`2<T,System.String>)
FNF:1
FNH:1
BRDA:10,10,60,4
BRDA:10,10,61,4
BRDA:12,12,62,4
BRDA:12,12,63,-
BRDA:18,18,64,4
BRDA:18,18,65,4
BRDA:18,18,66,-
BRDA:18,18,67,-
BRDA:20,20,68,4
BRDA:20,20,69,-
BRF:10
BRH:6
DA:9,8
DA:10,8
DA:11,8
DA:12,8
DA:13,8
DA:14,8
DA:15,8
DA:16,8
DA:17,8
DA:18,8
DA:19,8
DA:20,8
DA:21,8
DA:22,0
DA:23,8
DA:24,8
DA:25,8
LH:16
LF:17
end_of_record
SF:C:\Pet-Project\OnlineStore\OnlineStore.Application\Validation\Extensions\PasswordPolicy.cs
FN:5,HasUpper(System.String)
FN:6,HasLower(System.String)
FN:7,HasDigit(System.String)
FN:8,HasSpecial(System.String)
FN:9,NoWhitespace(System.String)
FN:12,NotContainsEmail(System.String,System.String)
FNDA:8,HasUpper(System.String)
FNDA:8,HasLower(System.String)
FNDA:8,HasDigit(System.String)
FNDA:76,HasSpecial(System.String)
FNDA:8,NoWhitespace(System.String)
FNDA:8,NotContainsEmail(System.String,System.String)
FNF:6
FNH:6
BRDA:13,13,70,4
BRDA:13,13,71,4
BRDA:13,13,72,4
BRDA:13,13,73,-
BRDA:16,16,74,4
BRDA:16,16,75,-
BRF:6
BRH:4
DA:5,8
DA:6,8
DA:7,8
DA:8,76
DA:9,8
DA:12,8
DA:13,12
DA:14,4
DA:15,4
DA:16,4
DA:17,4
DA:18,8
LH:12
LF:12
end_of_record
SF:C:\Pet-Project\OnlineStore\OnlineStore.Application\Validation\Extensions\PasswordRuleExtensions.cs
FN:18,StrongPassword(FluentValidation.IRuleBuilder`2<T,System.String>)
FNDA:8,StrongPassword(FluentValidation.IRuleBuilder`2<T,System.String>)
FNF:1
FNH:1
BRDA:19,19,76,4
BRDA:19,19,77,4
BRF:2
BRH:2
DA:18,8
DA:19,8
DA:20,8
DA:21,8
DA:22,8
DA:23,8
DA:24,8
DA:25,8
DA:26,8
DA:27,8
DA:28,8
DA:29,8
LH:12
LF:12
end_of_record
SF:C:\Pet-Project\OnlineStore\OnlineStore.Domain\Entities\Cart.cs
FN:9,get_Id()
FN:13,get_UserId()
FN:16,get_User()
FN:21,get_CartItems()
FNDA:0,get_Id()
FNDA:0,get_UserId()
FNDA:0,get_User()
FNDA:0,get_CartItems()
FNF:4
FNH:0
BRF:0
BRH:0
DA:9,0
DA:13,0
DA:16,0
DA:21,0
LH:0
LF:4
end_of_record
SF:C:\Pet-Project\OnlineStore\OnlineStore.Domain\Entities\CartItem.cs
FN:10,get_Id()
FN:13,get_CartId()
FN:16,get_Model3DId()
FN:19,get_ProjectId()
FN:22,get_AddedAt()
FN:27,get_Model3D()
FN:29,get_Cart()
FN:31,get_Project()
FNDA:0,get_Id()
FNDA:0,get_CartId()
FNDA:0,get_Model3DId()
FNDA:0,get_ProjectId()
FNDA:0,get_AddedAt()
FNDA:0,get_Model3D()
FNDA:0,get_Cart()
FNDA:0,get_Project()
FNF:8
FNH:0
BRF:0
BRH:0
DA:10,0
DA:13,0
DA:16,0
DA:19,0
DA:22,0
DA:27,0
DA:29,0
DA:31,0
LH:0
LF:8
end_of_record
SF:C:\Pet-Project\OnlineStore\OnlineStore.Domain\Entities\Model3D.cs
FN:10,get_Id()
FN:13,get_Name()
FN:16,get_Description()
FN:19,get_Price()
FN:22,get_CompanyUrl()
FN:25,get_CreatedAt()
FN:28,get_ProjectId()
FN:31,get_Project()
FN:34,get_Images()
FN:36,get_OrderItems()
FN:38,get_CartItems()
FNDA:0,get_Id()
FNDA:0,get_Name()
FNDA:0,get_Description()
FNDA:0,get_Price()
FNDA:0,get_CompanyUrl()
FNDA:0,get_CreatedAt()
FNDA:0,get_ProjectId()
FNDA:0,get_Project()
FNDA:0,get_Images()
FNDA:0,get_OrderItems()
FNDA:0,get_CartItems()
FNF:11
FNH:0
BRF:0
BRH:0
DA:10,0
DA:13,0
DA:16,0
DA:19,0
DA:22,0
DA:25,0
DA:28,0
DA:31,0
DA:34,0
DA:36,0
DA:38,0
LH:0
LF:11
end_of_record
SF:C:\Pet-Project\OnlineStore\OnlineStore.Domain\Entities\ModelImage.cs
FN:9,get_Id()
FN:12,get_ImageUrl()
FN:15,get_Description()
FN:18,get_Order()
FN:21,get_IsPreview()
FN:24,get_Model3DId()
FN:27,get_Model3D()
FNDA:0,get_Id()
FNDA:0,get_ImageUrl()
FNDA:0,get_Description()
FNDA:0,get_Order()
FNDA:0,get_IsPreview()
FNDA:0,get_Model3DId()
FNDA:0,get_Model3D()
FNF:7
FNH:0
BRF:0
BRH:0
DA:9,0
DA:12,0
DA:15,0
DA:18,0
DA:21,0
DA:24,0
DA:27,0
LH:0
LF:7
end_of_record
SF:C:\Pet-Project\OnlineStore\OnlineStore.Domain\Entities\Order.cs
FN:6,get_Id()
FN:9,get_UserId()
FN:12,get_CreatedAt()
FN:15,get_TotalAmount()
FN:18,get_User()
FN:21,get_OrderItems()
FNDA:0,get_Id()
FNDA:0,get_UserId()
FNDA:0,get_CreatedAt()
FNDA:0,get_TotalAmount()
FNDA:0,get_User()
FNDA:0,get_OrderItems()
FNF:6
FNH:0
BRF:0
BRH:0
DA:6,0
DA:9,0
DA:12,0
DA:15,0
DA:18,0
DA:21,0
LH:0
LF:6
end_of_record
SF:C:\Pet-Project\OnlineStore\OnlineStore.Domain\Entities\OrderItem.cs
FN:6,get_Id()
FN:9,get_OrderId()
FN:12,get_Model3DId()
FN:15,get_ProjectId()
FN:18,get_PriceAtPurchase()
FN:21,get_Order()
FN:24,get_Model3D()
FN:27,get_Project()
FNDA:0,get_Id()
FNDA:0,get_OrderId()
FNDA:0,get_Model3DId()
FNDA:0,get_ProjectId()
FNDA:0,get_PriceAtPurchase()
FNDA:0,get_Order()
FNDA:0,get_Model3D()
FNDA:0,get_Project()
FNF:8
FNH:0
BRF:0
BRH:0
DA:6,0
DA:9,0
DA:12,0
DA:15,0
DA:18,0
DA:21,0
DA:24,0
DA:27,0
LH:0
LF:8
end_of_record
SF:C:\Pet-Project\OnlineStore\OnlineStore.Domain\Entities\Project.cs
FN:10,get_Id()
FN:13,get_Name()
FN:16,get_Description()
FN:19,get_Price()
FN:22,get_CompanyUrl()
FN:25,get_CreatedAt()
FN:28,get_Models()
FN:31,get_Images()
FN:35,get_OrderItems()
FN:38,get_CartItems()
FNDA:0,get_Id()
FNDA:0,get_Name()
FNDA:0,get_Description()
FNDA:0,get_Price()
FNDA:0,get_CompanyUrl()
FNDA:0,get_CreatedAt()
FNDA:0,get_Models()
FNDA:0,get_Images()
FNDA:0,get_OrderItems()
FNDA:0,get_CartItems()
FNF:10
FNH:0
BRF:0
BRH:0
DA:10,0
DA:13,0
DA:16,0
DA:19,0
DA:22,0
DA:25,0
DA:28,0
DA:31,0
DA:35,0
DA:38,0
LH:0
LF:10
end_of_record
SF:C:\Pet-Project\OnlineStore\OnlineStore.Domain\Entities\ProjectImage.cs
FN:9,get_Id()
FN:12,get_ImageUrl()
FN:15,get_Description()
FN:18,get_Order()
FN:21,get_IsPreview()
FN:24,get_ProjectId()
FN:27,get_Project()
FNDA:0,get_Id()
FNDA:0,get_ImageUrl()
FNDA:0,get_Description()
FNDA:0,get_Order()
FNDA:0,get_IsPreview()
FNDA:0,get_ProjectId()
FNDA:0,get_Project()
FNF:7
FNH:0
BRF:0
BRH:0
DA:9,0
DA:12,0
DA:15,0
DA:18,0
DA:21,0
DA:24,0
DA:27,0
LH:0
LF:7
end_of_record
SF:C:\Pet-Project\OnlineStore\OnlineStore.Domain\Entities\RefreshToken.cs
FN:6,get_Id()
FN:7,get_UserId()
FN:8,get_TokenHash()
FN:9,get_ExpiresAt()
FN:10,get_CreatedAt()
FN:11,get_CreatedByIp()
FN:12,get_CreatedByUa()
FN:14,get_RevokedAt()
FN:15,get_RevokedByIp()
FN:16,get_ReplacedByTokenId()
FN:17,get_IsActive()
FN:19,get_User()
FNDA:56,get_Id()
FNDA:52,get_UserId()
FNDA:52,get_TokenHash()
FNDA:44,get_ExpiresAt()
FNDA:28,get_CreatedAt()
FNDA:8,get_CreatedByIp()
FNDA:8,get_CreatedByUa()
FNDA:24,get_RevokedAt()
FNDA:0,get_RevokedByIp()
FNDA:8,get_ReplacedByTokenId()
FNDA:12,get_IsActive()
FNDA:32,get_User()
FNF:12
FNH:11
BRDA:17,17,78,4
BRDA:17,17,79,4
BRF:2
BRH:2
DA:6,56
DA:7,52
DA:8,52
DA:9,44
DA:10,28
DA:11,8
DA:12,8
DA:14,24
DA:15,0
DA:16,8
DA:17,12
DA:19,32
LH:11
LF:12
end_of_record
SF:C:\Pet-Project\OnlineStore\OnlineStore.Domain\Entities\User.cs
FN:9,get_Id()
FN:10,get_Email()
FN:11,get_NormalizedEmail()
FN:12,get_PasswordHash()
FN:13,get_CreatedAt()
FN:14,get_IsAdmin()
FN:15,get_IsDeleted()
FN:16,get_DeletedAtUtc()
FN:17,get_DeletedBy()
FN:20,get_Cart()
FN:21,get_Orders()
FNDA:108,get_Id()
FNDA:80,get_Email()
FNDA:32,get_NormalizedEmail()
FNDA:68,get_PasswordHash()
FNDA:16,get_CreatedAt()
FNDA:16,get_IsAdmin()
FNDA:0,get_IsDeleted()
FNDA:0,get_DeletedAtUtc()
FNDA:0,get_DeletedBy()
FNDA:28,get_Cart()
FNDA:0,get_Orders()
FNF:11
FNH:7
BRF:0
BRH:0
DA:9,108
DA:10,80
DA:11,32
DA:12,68
DA:13,16
DA:14,16
DA:15,0
DA:16,0
DA:17,0
DA:20,28
DA:21,0
LH:7
LF:11
end_of_record
SF:C:\Pet-Project\OnlineStore\OnlineStore.Infrastructure\Repositories\DbSeeder.cs
FN:11,get_Email()
FN:12,get_Password()
FNDA:0,get_Email()
FNDA:0,get_Password()
FNF:2
FNH:0
BRF:0
BRH:0
DA:11,0
DA:12,0
LH:0
LF:2
end_of_record
SF:C:\Pet-Project\OnlineStore\OnlineStore.Infrastructure\Repositories\DbSeeder.cs
FN:20,SeedAdminAsync()
FNDA:0,SeedAdminAsync()
FNF:1
FNH:0
BRDA:26,26,80,-
BRDA:26,26,81,-
BRDA:26,26,82,-
BRDA:26,26,83,-
BRDA:35,35,84,-
BRDA:35,35,85,-
BRDA:51,51,86,-
BRDA:51,51,87,-
BRF:8
BRH:0
DA:20,0
DA:21,0
DA:22,0
DA:23,0
DA:24,0
DA:26,0
DA:27,0
DA:28,0
DA:29,0
DA:32,0
DA:33,0
DA:35,0
DA:36,0
DA:37,0
DA:38,0
DA:39,0
DA:40,0
DA:41,0
DA:42,0
DA:43,0
DA:44,0
DA:45,0
DA:46,0
DA:47,0
DA:49,0
DA:50,0
DA:51,0
DA:52,0
DA:53,0
DA:54,0
DA:55,0
DA:56,0
DA:57,0
LH:0
LF:33
end_of_record
SF:C:\Pet-Project\OnlineStore\OnlineStore.Infrastructure\Common\SafeLog.cs
FN:10,MaskEmail(System.String)
FN:23,MaskToken(System.String)
FNDA:8,MaskEmail(System.String)
FNDA:0,MaskToken(System.String)
FNF:2
FNH:1
BRDA:11,11,88,4
BRDA:11,11,89,-
BRDA:13,13,90,4
BRDA:13,13,91,-
BRDA:15,15,92,4
BRDA:15,15,93,-
BRDA:24,24,94,-
BRDA:24,24,95,-
BRDA:25,25,96,-
BRDA:25,25,97,-
BRF:10
BRH:3
DA:10,8
DA:11,8
DA:12,8
DA:13,8
DA:14,8
DA:15,8
DA:16,8
DA:17,8
DA:18,8
DA:23,0
DA:24,0
DA:25,0
DA:26,0
LH:9
LF:13
end_of_record
SF:C:\Pet-Project\OnlineStore\OnlineStore.Infrastructure\Persistence\Configurations\ModelImageConfiguration.cs
FN:10,Configure(Microsoft.EntityFrameworkCore.Metadata.Builders.EntityTypeBuilder`1<OnlineStore.Domain.Entities.ModelImage>)
FNDA:4,Configure(Microsoft.EntityFrameworkCore.Metadata.Builders.EntityTypeBuilder`1<OnlineStore.Domain.Entities.ModelImage>)
FNF:1
FNH:1
BRF:0
BRH:0
DA:10,4
DA:11,4
DA:12,4
DA:13,4
DA:14,4
DA:15,8
DA:17,4
DA:19,4
DA:20,4
DA:21,4
DA:22,4
DA:24,4
DA:25,4
DA:27,4
DA:28,4
DA:29,4
DA:31,4
DA:32,4
DA:33,4
DA:35,4
DA:36,4
DA:37,4
DA:38,4
DA:40,4
DA:41,4
DA:42,4
DA:43,4
DA:44,4
LH:28
LF:28
end_of_record
SF:C:\Pet-Project\OnlineStore\OnlineStore.Infrastructure\Extensions\JwtServiceCollectionExtensions.cs
FN:17,AddJwtAuthentication(Microsoft.Extensions.DependencyInjection.IServiceCollection,Microsoft.Extensions.Configuration.IConfiguration)
FNDA:0,AddJwtAuthentication(Microsoft.Extensions.DependencyInjection.IServiceCollection,Microsoft.Extensions.Configuration.IConfiguration)
FNF:1
FNH:0
BRDA:23,23,98,-
BRDA:23,23,99,-
BRF:2
BRH:0
DA:17,0
DA:19,0
DA:21,0
DA:22,0
DA:23,0
DA:24,0
DA:25,0
DA:26,0
DA:27,0
DA:30,0
DA:31,0
DA:32,0
DA:33,0
DA:34,0
DA:35,0
DA:36,0
DA:37,0
DA:38,0
DA:39,0
DA:40,0
DA:41,0
DA:42,0
DA:43,0
DA:44,0
DA:45,0
DA:46,0
DA:47,0
DA:48,0
DA:49,0
DA:50,0
DA:51,0
DA:52,0
DA:53,0
DA:54,0
DA:55,0
DA:56,0
DA:57,0
DA:58,0
DA:59,0
DA:60,0
DA:61,0
DA:62,0
DA:63,0
DA:64,0
DA:65,0
DA:66,0
DA:67,0
DA:68,0
DA:70,0
DA:71,0
LH:0
LF:50
end_of_record
SF:C:\Pet-Project\OnlineStore\OnlineStore.Infrastructure\Extensions\ServiceCollectionExtensions.cs
FN:15,AddInfrastructure(Microsoft.Extensions.DependencyInjection.IServiceCollection)
FNDA:0,AddInfrastructure(Microsoft.Extensions.DependencyInjection.IServiceCollection)
FNF:1
FNH:0
BRF:0
BRH:0
DA:15,0
DA:17,0
DA:18,0
DA:21,0
DA:24,0
DA:25,0
DA:26,0
DA:27,0
LH:0
LF:8
end_of_record
SF:C:\Pet-Project\OnlineStore\OnlineStore.Infrastructure\Persistence\Migrations\20250818213620_AddIsAdminToUser.cs
FN:13,Up(Microsoft.EntityFrameworkCore.Migrations.MigrationBuilder)
FN:48,Down(Microsoft.EntityFrameworkCore.Migrations.MigrationBuilder)
FNDA:0,Up(Microsoft.EntityFrameworkCore.Migrations.MigrationBuilder)
FNDA:0,Down(Microsoft.EntityFrameworkCore.Migrations.MigrationBuilder)
FNF:2
FNH:0
BRF:0
BRH:0
DA:13,0
DA:14,0
DA:15,0
DA:16,0
DA:17,0
DA:18,0
DA:20,0
DA:21,0
DA:22,0
DA:23,0
DA:24,0
DA:26,0
DA:27,0
DA:28,0
DA:29,0
DA:30,0
DA:31,0
DA:33,0
DA:34,0
DA:35,0
DA:36,0
DA:37,0
DA:38,0
DA:40,0
DA:41,0
DA:42,0
DA:43,0
DA:44,0
DA:48,0
DA:49,0
DA:50,0
DA:51,0
DA:53,0
DA:54,0
DA:55,0
DA:57,0
DA:58,0
DA:59,0
DA:61,0
DA:62,0
DA:63,0
DA:65,0
DA:66,0
DA:67,0
DA:68,0
LH:0
LF:45
end_of_record
SF:C:\Pet-Project\OnlineStore\OnlineStore.Infrastructure\Persistence\Migrations\20250818213620_AddIsAdminToUser.Designer.cs
FN:20,BuildTargetModel(Microsoft.EntityFrameworkCore.ModelBuilder)
FNDA:0,BuildTargetModel(Microsoft.EntityFrameworkCore.ModelBuilder)
FNF:1
FNH:0
BRF:0
BRH:0
DA:20,0
DA:22,0
DA:23,0
DA:24,0
DA:26,0
DA:28,0
DA:29,0
DA:30,0
DA:31,0
DA:32,0
DA:33,0
DA:34,0
DA:35,0
DA:36,0
DA:37,0
DA:38,0
DA:39,0
DA:40,0
DA:41,0
DA:42,0
DA:43,0
DA:44,0
DA:45,0
DA:46,0
DA:47,0
DA:48,0
DA:49,0
DA:50,0
DA:52,0
DA:53,0
DA:54,0
DA:55,0
DA:56,0
DA:57,0
DA:58,0
DA:59,0
DA:60,0
DA:61,0
DA:62,0
DA:63,0
DA:64,0
DA:65,0
DA:66,0
DA:67,0
DA:68,0
DA:69,0
DA:70,0
DA:71,0
DA:72,0
DA:73,0
DA:74,0
DA:75,0
DA:76,0
DA:77,0
DA:78,0
DA:79,0
DA:80,0
DA:81,0
DA:82,0
DA:83,0
DA:84,0
DA:85,0
DA:86,0
DA:87,0
DA:88,0
DA:89,0
DA:90,0
DA:91,0
DA:92,0
DA:93,0
DA:94,0
DA:95,0
DA:96,0
DA:97,0
DA:98,0
DA:99,0
DA:100,0
DA:101,0
DA:102,0
DA:103,0
DA:104,0
DA:105,0
DA:107,0
DA:108,0
DA:109,0
DA:110,0
DA:111,0
DA:112,0
DA:113,0
DA:114,0
DA:115,0
DA:116,0
DA:117,0
DA:118,0
DA:119,0
DA:120,0
DA:121,0
DA:122,0
DA:123,0
DA:124,0
DA:125,0
DA:126,0
DA:127,0
DA:128,0
DA:129,0
DA:130,0
DA:131,0
DA:132,0
DA:133,0
DA:134,0
DA:135,0
DA:136,0
DA:137,0
DA:138,0
DA:139,0
DA:140,0
DA:141,0
DA:142,0
DA:143,0
DA:144,0
DA:145,0
DA:146,0
DA:147,0
DA:148,0
DA:149,0
DA:150,0
DA:151,0
DA:152,0
DA:153,0
DA:154,0
DA:155,0
DA:156,0
DA:157,0
DA:158,0
DA:160,0
DA:161,0
DA:162,0
DA:163,0
DA:164,0
DA:165,0
DA:166,0
DA:167,0
DA:168,0
DA:169,0
DA:170,0
DA:171,0
DA:172,0
DA:173,0
DA:174,0
DA:175,0
DA:176,0
DA:177,0
DA:178,0
DA:179,0
DA:180,0
DA:181,0
DA:182,0
DA:183,0
DA:184,0
DA:185,0
DA:186,0
DA:187,0
DA:188,0
DA:189,0
DA:190,0
DA:191,0
DA:192,0
DA:193,0
DA:194,0
DA:195,0
DA:196,0
DA:197,0
DA:198,0
DA:199,0
DA:200,0
DA:201,0
DA:202,0
DA:203,0
DA:204,0
DA:205,0
DA:206,0
DA:207,0
DA:209,0
DA:210,0
DA:211,0
DA:212,0
DA:213,0
DA:214,0
DA:215,0
DA:216,0
DA:217,0
DA:218,0
DA:219,0
DA:220,0
DA:221,0
DA:222,0
DA:223,0
DA:224,0
DA:225,0
DA:226,0
DA:227,0
DA:228,0
DA:229,0
DA:230,0
DA:231,0
DA:232,0
DA:233,0
DA:234,0
DA:235,0
DA:236,0
DA:237,0
DA:238,0
DA:239,0
DA:240,0
DA:241,0
DA:242,0
DA:243,0
DA:244,0
DA:245,0
DA:246,0
DA:247,0
DA:249,0
DA:250,0
DA:251,0
DA:252,0
DA:253,0
DA:254,0
DA:255,0
DA:256,0
DA:257,0
DA:258,0
DA:259,0
DA:260,0
DA:261,0
DA:262,0
DA:263,0
DA:264,0
DA:265,0
DA:266,0
DA:267,0
DA:268,0
DA:269,0
DA:270,0
DA:271,0
DA:272,0
DA:273,0
DA:274,0
DA:275,0
DA:276,0
DA:277,0
DA:278,0
DA:279,0
DA:280,0
DA:281,0
DA:282,0
DA:283,0
DA:284,0
DA:285,0
DA:286,0
DA:287,0
DA:288,0
DA:289,0
DA:290,0
DA:291,0
DA:292,0
DA:293,0
DA:294,0
DA:295,0
DA:296,0
DA:297,0
DA:298,0
DA:299,0
DA:300,0
DA:301,0
DA:302,0
DA:303,0
DA:304,0
DA:305,0
DA:307,0
DA:308,0
DA:309,0
DA:310,0
DA:311,0
DA:312,0
DA:313,0
DA:314,0
DA:315,0
DA:316,0
DA:317,0
DA:318,0
DA:319,0
DA:320,0
DA:321,0
DA:322,0
DA:323,0
DA:324,0
DA:325,0
DA:326,0
DA:327,0
DA:328,0
DA:329,0
DA:330,0
DA:331,0
DA:332,0
DA:333,0
DA:334,0
DA:335,0
DA:336,0
DA:337,0
DA:338,0
DA:339,0
DA:340,0
DA:341,0
DA:342,0
DA:343,0
DA:344,0
DA:345,0
DA:346,0
DA:347,0
DA:348,0
DA:349,0
DA:350,0
DA:352,0
DA:353,0
DA:354,0
DA:355,0
DA:356,0
DA:357,0
DA:358,0
DA:359,0
DA:360,0
DA:361,0
DA:362,0
DA:363,0
DA:364,0
DA:365,0
DA:366,0
DA:367,0
DA:368,0
DA:369,0
DA:370,0
DA:371,0
DA:372,0
DA:373,0
DA:374,0
DA:375,0
DA:376,0
DA:377,0
DA:378,0
DA:379,0
DA:380,0
DA:381,0
DA:382,0
DA:383,0
DA:384,0
DA:385,0
DA:386,0
DA:387,0
DA:388,0
DA:389,0
DA:390,0
DA:391,0
DA:392,0
DA:393,0
DA:394,0
DA:395,0
DA:396,0
DA:397,0
DA:398,0
DA:399,0
DA:401,0
DA:402,0
DA:403,0
DA:404,0
DA:405,0
DA:406,0
DA:407,0
DA:408,0
DA:409,0
DA:410,0
DA:411,0
DA:412,0
DA:413,0
DA:414,0
DA:415,0
DA:416,0
DA:417,0
DA:418,0
DA:419,0
DA:420,0
DA:421,0
DA:422,0
DA:423,0
DA:424,0
DA:425,0
DA:426,0
DA:427,0
DA:428,0
DA:429,0
DA:430,0
DA:431,0
DA:432,0
DA:433,0
DA:434,0
DA:435,0
DA:436,0
DA:437,0
DA:438,0
DA:439,0
DA:440,0
DA:441,0
DA:442,0
DA:443,0
DA:444,0
DA:445,0
DA:446,0
DA:447,0
DA:448,0
DA:449,0
DA:450,0
DA:451,0
DA:452,0
DA:453,0
DA:454,0
DA:455,0
DA:456,0
DA:457,0
DA:458,0
DA:459,0
DA:460,0
DA:461,0
DA:462,0
DA:463,0
DA:465,0
DA:466,0
DA:467,0
DA:468,0
DA:469,0
DA:470,0
DA:471,0
DA:472,0
DA:473,0
DA:474,0
DA:475,0
DA:476,0
DA:477,0
DA:478,0
DA:479,0
DA:480,0
DA:481,0
DA:482,0
DA:483,0
DA:484,0
DA:485,0
DA:486,0
DA:487,0
DA:488,0
DA:489,0
DA:490,0
DA:491,0
DA:492,0
DA:493,0
DA:494,0
DA:495,0
DA:496,0
DA:497,0
DA:498,0
DA:499,0
DA:500,0
DA:501,0
DA:502,0
DA:503,0
DA:504,0
DA:505,0
DA:506,0
DA:507,0
DA:508,0
DA:509,0
DA:510,0
DA:511,0
DA:512,0
DA:513,0
DA:514,0
DA:515,0
DA:516,0
DA:517,0
DA:518,0
DA:519,0
DA:520,0
DA:521,0
DA:522,0
DA:523,0
DA:524,0
DA:525,0
DA:526,0
DA:527,0
DA:528,0
DA:529,0
DA:530,0
DA:532,0
DA:533,0
DA:534,0
DA:535,0
DA:536,0
DA:537,0
DA:538,0
DA:539,0
DA:540,0
DA:541,0
DA:542,0
DA:544,0
DA:545,0
DA:546,0
DA:547,0
DA:548,0
DA:549,0
DA:550,0
DA:551,0
DA:552,0
DA:553,0
DA:554,0
DA:555,0
DA:556,0
DA:557,0
DA:558,0
DA:559,0
DA:560,0
DA:561,0
DA:562,0
DA:563,0
DA:564,0
DA:565,0
DA:566,0
DA:567,0
DA:568,0
DA:569,0
DA:570,0
DA:572,0
DA:573,0
DA:574,0
DA:575,0
DA:576,0
DA:577,0
DA:578,0
DA:579,0
DA:580,0
DA:581,0
DA:583,0
DA:584,0
DA:585,0
DA:586,0
DA:587,0
DA:588,0
DA:589,0
DA:590,0
DA:591,0
DA:592,0
DA:593,0
DA:595,0
DA:596,0
DA:597,0
DA:598,0
DA:599,0
DA:600,0
DA:601,0
DA:602,0
DA:603,0
DA:604,0
DA:605,0
DA:607,0
DA:608,0
DA:609,0
DA:610,0
DA:611,0
DA:612,0
DA:613,0
DA:614,0
DA:615,0
DA:616,0
DA:617,0
DA:618,0
DA:619,0
DA:620,0
DA:621,0
DA:622,0
DA:623,0
DA:624,0
DA:625,0
DA:626,0
DA:627,0
DA:628,0
DA:629,0
DA:630,0
DA:631,0
DA:632,0
DA:633,0
DA:635,0
DA:636,0
DA:637,0
DA:638,0
DA:639,0
DA:640,0
DA:641,0
DA:642,0
DA:643,0
DA:644,0
DA:645,0
DA:647,0
DA:648,0
DA:649,0
DA:650,0
DA:651,0
DA:652,0
DA:653,0
DA:654,0
DA:655,0
DA:656,0
DA:657,0
DA:659,0
DA:660,0
DA:661,0
DA:662,0
DA:664,0
DA:665,0
DA:666,0
DA:667,0
DA:668,0
DA:669,0
DA:670,0
DA:671,0
DA:673,0
DA:674,0
DA:675,0
DA:676,0
DA:678,0
DA:679,0
DA:680,0
DA:681,0
DA:682,0
DA:683,0
DA:684,0
DA:685,0
DA:686,0
DA:687,0
DA:689,0
DA:690,0
DA:691,0
DA:692,0
DA:693,0
DA:694,0
DA:695,0
DA:697,0
LH:0
LF:652
end_of_record
SF:C:\Pet-Project\OnlineStore\OnlineStore.Infrastructure\Persistence\Migrations\20250818220722_AddIsAdminToUser-v2.cs
FN:12,Up(Microsoft.EntityFrameworkCore.Migrations.MigrationBuilder)
FN:18,Down(Microsoft.EntityFrameworkCore.Migrations.MigrationBuilder)
FNDA:0,Up(Microsoft.EntityFrameworkCore.Migrations.MigrationBuilder)
FNDA:0,Down(Microsoft.EntityFrameworkCore.Migrations.MigrationBuilder)
FNF:2
FNH:0
BRF:0
BRH:0
DA:12,0
DA:14,0
DA:18,0
DA:20,0
LH:0
LF:4
end_of_record
SF:C:\Pet-Project\OnlineStore\OnlineStore.Infrastructure\Persistence\Migrations\20250818220722_AddIsAdminToUser-v2.Designer.cs
FN:20,BuildTargetModel(Microsoft.EntityFrameworkCore.ModelBuilder)
FNDA:0,BuildTargetModel(Microsoft.EntityFrameworkCore.ModelBuilder)
FNF:1
FNH:0
BRF:0
BRH:0
DA:20,0
DA:22,0
DA:23,0
DA:24,0
DA:26,0
DA:28,0
DA:29,0
DA:30,0
DA:31,0
DA:32,0
DA:33,0
DA:34,0
DA:35,0
DA:36,0
DA:37,0
DA:38,0
DA:39,0
DA:40,0
DA:41,0
DA:42,0
DA:43,0
DA:44,0
DA:45,0
DA:46,0
DA:47,0
DA:48,0
DA:49,0
DA:50,0
DA:52,0
DA:53,0
DA:54,0
DA:55,0
DA:56,0
DA:57,0
DA:58,0
DA:59,0
DA:60,0
DA:61,0
DA:62,0
DA:63,0
DA:64,0
DA:65,0
DA:66,0
DA:67,0
DA:68,0
DA:69,0
DA:70,0
DA:71,0
DA:72,0
DA:73,0
DA:74,0
DA:75,0
DA:76,0
DA:77,0
DA:78,0
DA:79,0
DA:80,0
DA:81,0
DA:82,0
DA:83,0
DA:84,0
DA:85,0
DA:86,0
DA:87,0
DA:88,0
DA:89,0
DA:90,0
DA:91,0
DA:92,0
DA:93,0
DA:94,0
DA:95,0
DA:96,0
DA:97,0
DA:98,0
DA:99,0
DA:100,0
DA:101,0
DA:102,0
DA:103,0
DA:104,0
DA:105,0
DA:107,0
DA:108,0
DA:109,0
DA:110,0
DA:111,0
DA:112,0
DA:113,0
DA:114,0
DA:115,0
DA:116,0
DA:117,0
DA:118,0
DA:119,0
DA:120,0
DA:121,0
DA:122,0
DA:123,0
DA:124,0
DA:125,0
DA:126,0
DA:127,0
DA:128,0
DA:129,0
DA:130,0
DA:131,0
DA:132,0
DA:133,0
DA:134,0
DA:135,0
DA:136,0
DA:137,0
DA:138,0
DA:139,0
DA:140,0
DA:141,0
DA:142,0
DA:143,0
DA:144,0
DA:145,0
DA:146,0
DA:147,0
DA:148,0
DA:149,0
DA:150,0
DA:151,0
DA:152,0
DA:153,0
DA:154,0
DA:155,0
DA:156,0
DA:157,0
DA:158,0
DA:160,0
DA:161,0
DA:162,0
DA:163,0
DA:164,0
DA:165,0
DA:166,0
DA:167,0
DA:168,0
DA:169,0
DA:170,0
DA:171,0
DA:172,0
DA:173,0
DA:174,0
DA:175,0
DA:176,0
DA:177,0
DA:178,0
DA:179,0
DA:180,0
DA:181,0
DA:182,0
DA:183,0
DA:184,0
DA:185,0
DA:186,0
DA:187,0
DA:188,0
DA:189,0
DA:190,0
DA:191,0
DA:192,0
DA:193,0
DA:194,0
DA:195,0
DA:196,0
DA:197,0
DA:198,0
DA:199,0
DA:200,0
DA:201,0
DA:202,0
DA:203,0
DA:204,0
DA:205,0
DA:206,0
DA:207,0
DA:209,0
DA:210,0
DA:211,0
DA:212,0
DA:213,0
DA:214,0
DA:215,0
DA:216,0
DA:217,0
DA:218,0
DA:219,0
DA:220,0
DA:221,0
DA:222,0
DA:223,0
DA:224,0
DA:225,0
DA:226,0
DA:227,0
DA:228,0
DA:229,0
DA:230,0
DA:231,0
DA:232,0
DA:233,0
DA:234,0
DA:235,0
DA:236,0
DA:237,0
DA:238,0
DA:239,0
DA:240,0
DA:241,0
DA:242,0
DA:243,0
DA:244,0
DA:245,0
DA:246,0
DA:247,0
DA:249,0
DA:250,0
DA:251,0
DA:252,0
DA:253,0
DA:254,0
DA:255,0
DA:256,0
DA:257,0
DA:258,0
DA:259,0
DA:260,0
DA:261,0
DA:262,0
DA:263,0
DA:264,0
DA:265,0
DA:266,0
DA:267,0
DA:268,0
DA:269,0
DA:270,0
DA:271,0
DA:272,0
DA:273,0
DA:274,0
DA:275,0
DA:276,0
DA:277,0
DA:278,0
DA:279,0
DA:280,0
DA:281,0
DA:282,0
DA:283,0
DA:284,0
DA:285,0
DA:286,0
DA:287,0
DA:288,0
DA:289,0
DA:290,0
DA:291,0
DA:292,0
DA:293,0
DA:294,0
DA:295,0
DA:296,0
DA:297,0
DA:298,0
DA:299,0
DA:300,0
DA:301,0
DA:302,0
DA:303,0
DA:304,0
DA:305,0
DA:307,0
DA:308,0
DA:309,0
DA:310,0
DA:311,0
DA:312,0
DA:313,0
DA:314,0
DA:315,0
DA:316,0
DA:317,0
DA:318,0
DA:319,0
DA:320,0
DA:321,0
DA:322,0
DA:323,0
DA:324,0
DA:325,0
DA:326,0
DA:327,0
DA:328,0
DA:329,0
DA:330,0
DA:331,0
DA:332,0
DA:333,0
DA:334,0
DA:335,0
DA:336,0
DA:337,0
DA:338,0
DA:339,0
DA:340,0
DA:341,0
DA:342,0
DA:343,0
DA:344,0
DA:345,0
DA:346,0
DA:347,0
DA:348,0
DA:349,0
DA:350,0
DA:352,0
DA:353,0
DA:354,0
DA:355,0
DA:356,0
DA:357,0
DA:358,0
DA:359,0
DA:360,0
DA:361,0
DA:362,0
DA:363,0
DA:364,0
DA:365,0
DA:366,0
DA:367,0
DA:368,0
DA:369,0
DA:370,0
DA:371,0
DA:372,0
DA:373,0
DA:374,0
DA:375,0
DA:376,0
DA:377,0
DA:378,0
DA:379,0
DA:380,0
DA:381,0
DA:382,0
DA:383,0
DA:384,0
DA:385,0
DA:386,0
DA:387,0
DA:388,0
DA:389,0
DA:390,0
DA:391,0
DA:392,0
DA:393,0
DA:394,0
DA:395,0
DA:396,0
DA:397,0
DA:398,0
DA:399,0
DA:401,0
DA:402,0
DA:403,0
DA:404,0
DA:405,0
DA:406,0
DA:407,0
DA:408,0
DA:409,0
DA:410,0
DA:411,0
DA:412,0
DA:413,0
DA:414,0
DA:415,0
DA:416,0
DA:417,0
DA:418,0
DA:419,0
DA:420,0
DA:421,0
DA:422,0
DA:423,0
DA:424,0
DA:425,0
DA:426,0
DA:427,0
DA:428,0
DA:429,0
DA:430,0
DA:431,0
DA:432,0
DA:433,0
DA:434,0
DA:435,0
DA:436,0
DA:437,0
DA:438,0
DA:439,0
DA:440,0
DA:441,0
DA:442,0
DA:443,0
DA:444,0
DA:445,0
DA:446,0
DA:447,0
DA:448,0
DA:449,0
DA:450,0
DA:451,0
DA:452,0
DA:453,0
DA:454,0
DA:455,0
DA:456,0
DA:457,0
DA:458,0
DA:459,0
DA:460,0
DA:461,0
DA:462,0
DA:463,0
DA:465,0
DA:466,0
DA:467,0
DA:468,0
DA:469,0
DA:470,0
DA:471,0
DA:472,0
DA:473,0
DA:474,0
DA:475,0
DA:476,0
DA:477,0
DA:478,0
DA:479,0
DA:480,0
DA:481,0
DA:482,0
DA:483,0
DA:484,0
DA:485,0
DA:486,0
DA:487,0
DA:488,0
DA:489,0
DA:490,0
DA:491,0
DA:492,0
DA:493,0
DA:494,0
DA:495,0
DA:496,0
DA:497,0
DA:498,0
DA:499,0
DA:500,0
DA:501,0
DA:502,0
DA:503,0
DA:504,0
DA:505,0
DA:506,0
DA:507,0
DA:508,0
DA:509,0
DA:510,0
DA:511,0
DA:512,0
DA:513,0
DA:514,0
DA:515,0
DA:516,0
DA:517,0
DA:518,0
DA:519,0
DA:520,0
DA:521,0
DA:522,0
DA:523,0
DA:524,0
DA:525,0
DA:526,0
DA:527,0
DA:528,0
DA:529,0
DA:530,0
DA:532,0
DA:533,0
DA:534,0
DA:535,0
DA:536,0
DA:537,0
DA:538,0
DA:539,0
DA:540,0
DA:541,0
DA:542,0
DA:544,0
DA:545,0
DA:546,0
DA:547,0
DA:548,0
DA:549,0
DA:550,0
DA:551,0
DA:552,0
DA:553,0
DA:554,0
DA:555,0
DA:556,0
DA:557,0
DA:558,0
DA:559,0
DA:560,0
DA:561,0
DA:562,0
DA:563,0
DA:564,0
DA:565,0
DA:566,0
DA:567,0
DA:568,0
DA:569,0
DA:570,0
DA:572,0
DA:573,0
DA:574,0
DA:575,0
DA:576,0
DA:577,0
DA:578,0
DA:579,0
DA:580,0
DA:581,0
DA:583,0
DA:584,0
DA:585,0
DA:586,0
DA:587,0
DA:588,0
DA:589,0
DA:590,0
DA:591,0
DA:592,0
DA:593,0
DA:595,0
DA:596,0
DA:597,0
DA:598,0
DA:599,0
DA:600,0
DA:601,0
DA:602,0
DA:603,0
DA:604,0
DA:605,0
DA:607,0
DA:608,0
DA:609,0
DA:610,0
DA:611,0
DA:612,0
DA:613,0
DA:614,0
DA:615,0
DA:616,0
DA:617,0
DA:618,0
DA:619,0
DA:620,0
DA:621,0
DA:622,0
DA:623,0
DA:624,0
DA:625,0
DA:626,0
DA:627,0
DA:628,0
DA:629,0
DA:630,0
DA:631,0
DA:632,0
DA:633,0
DA:635,0
DA:636,0
DA:637,0
DA:638,0
DA:639,0
DA:640,0
DA:641,0
DA:642,0
DA:643,0
DA:644,0
DA:645,0
DA:647,0
DA:648,0
DA:649,0
DA:650,0
DA:651,0
DA:652,0
DA:653,0
DA:654,0
DA:655,0
DA:656,0
DA:657,0
DA:659,0
DA:660,0
DA:661,0
DA:662,0
DA:664,0
DA:665,0
DA:666,0
DA:667,0
DA:668,0
DA:669,0
DA:670,0
DA:671,0
DA:673,0
DA:674,0
DA:675,0
DA:676,0
DA:678,0
DA:679,0
DA:680,0
DA:681,0
DA:682,0
DA:683,0
DA:684,0
DA:685,0
DA:686,0
DA:687,0
DA:689,0
DA:690,0
DA:691,0
DA:692,0
DA:693,0
DA:694,0
DA:695,0
DA:697,0
LH:0
LF:652
end_of_record
SF:C:\Pet-Project\OnlineStore\OnlineStore.Infrastructure\Persistence\Migrations\20250818221532_AddIsAdminToUser-v3.cs
FN:12,Up(Microsoft.EntityFrameworkCore.Migrations.MigrationBuilder)
FN:18,Down(Microsoft.EntityFrameworkCore.Migrations.MigrationBuilder)
FNDA:0,Up(Microsoft.EntityFrameworkCore.Migrations.MigrationBuilder)
FNDA:0,Down(Microsoft.EntityFrameworkCore.Migrations.MigrationBuilder)
FNF:2
FNH:0
BRF:0
BRH:0
DA:12,0
DA:14,0
DA:18,0
DA:20,0
LH:0
LF:4
end_of_record
SF:C:\Pet-Project\OnlineStore\OnlineStore.Infrastructure\Persistence\Migrations\20250818221532_AddIsAdminToUser-v3.Designer.cs
FN:20,BuildTargetModel(Microsoft.EntityFrameworkCore.ModelBuilder)
FNDA:0,BuildTargetModel(Microsoft.EntityFrameworkCore.ModelBuilder)
FNF:1
FNH:0
BRF:0
BRH:0
DA:20,0
DA:22,0
DA:23,0
DA:24,0
DA:26,0
DA:28,0
DA:29,0
DA:30,0
DA:31,0
DA:32,0
DA:33,0
DA:34,0
DA:35,0
DA:36,0
DA:37,0
DA:38,0
DA:39,0
DA:40,0
DA:41,0
DA:42,0
DA:43,0
DA:44,0
DA:45,0
DA:46,0
DA:47,0
DA:48,0
DA:49,0
DA:50,0
DA:52,0
DA:53,0
DA:54,0
DA:55,0
DA:56,0
DA:57,0
DA:58,0
DA:59,0
DA:60,0
DA:61,0
DA:62,0
DA:63,0
DA:64,0
DA:65,0
DA:66,0
DA:67,0
DA:68,0
DA:69,0
DA:70,0
DA:71,0
DA:72,0
DA:73,0
DA:74,0
DA:75,0
DA:76,0
DA:77,0
DA:78,0
DA:79,0
DA:80,0
DA:81,0
DA:82,0
DA:83,0
DA:84,0
DA:85,0
DA:86,0
DA:87,0
DA:88,0
DA:89,0
DA:90,0
DA:91,0
DA:92,0
DA:93,0
DA:94,0
DA:95,0
DA:96,0
DA:97,0
DA:98,0
DA:99,0
DA:100,0
DA:101,0
DA:102,0
DA:103,0
DA:104,0
DA:105,0
DA:107,0
DA:108,0
DA:109,0
DA:110,0
DA:111,0
DA:112,0
DA:113,0
DA:114,0
DA:115,0
DA:116,0
DA:117,0
DA:118,0
DA:119,0
DA:120,0
DA:121,0
DA:122,0
DA:123,0
DA:124,0
DA:125,0
DA:126,0
DA:127,0
DA:128,0
DA:129,0
DA:130,0
DA:131,0
DA:132,0
DA:133,0
DA:134,0
DA:135,0
DA:136,0
DA:137,0
DA:138,0
DA:139,0
DA:140,0
DA:141,0
DA:142,0
DA:143,0
DA:144,0
DA:145,0
DA:146,0
DA:147,0
DA:148,0
DA:149,0
DA:150,0
DA:151,0
DA:152,0
DA:153,0
DA:154,0
DA:155,0
DA:156,0
DA:157,0
DA:158,0
DA:160,0
DA:161,0
DA:162,0
DA:163,0
DA:164,0
DA:165,0
DA:166,0
DA:167,0
DA:168,0
DA:169,0
DA:170,0
DA:171,0
DA:172,0
DA:173,0
DA:174,0
DA:175,0
DA:176,0
DA:177,0
DA:178,0
DA:179,0
DA:180,0
DA:181,0
DA:182,0
DA:183,0
DA:184,0
DA:185,0
DA:186,0
DA:187,0
DA:188,0
DA:189,0
DA:190,0
DA:191,0
DA:192,0
DA:193,0
DA:194,0
DA:195,0
DA:196,0
DA:197,0
DA:198,0
DA:199,0
DA:200,0
DA:201,0
DA:202,0
DA:203,0
DA:204,0
DA:205,0
DA:206,0
DA:207,0
DA:209,0
DA:210,0
DA:211,0
DA:212,0
DA:213,0
DA:214,0
DA:215,0
DA:216,0
DA:217,0
DA:218,0
DA:219,0
DA:220,0
DA:221,0
DA:222,0
DA:223,0
DA:224,0
DA:225,0
DA:226,0
DA:227,0
DA:228,0
DA:229,0
DA:230,0
DA:231,0
DA:232,0
DA:233,0
DA:234,0
DA:235,0
DA:236,0
DA:237,0
DA:238,0
DA:239,0
DA:240,0
DA:241,0
DA:242,0
DA:243,0
DA:244,0
DA:245,0
DA:246,0
DA:247,0
DA:249,0
DA:250,0
DA:251,0
DA:252,0
DA:253,0
DA:254,0
DA:255,0
DA:256,0
DA:257,0
DA:258,0
DA:259,0
DA:260,0
DA:261,0
DA:262,0
DA:263,0
DA:264,0
DA:265,0
DA:266,0
DA:267,0
DA:268,0
DA:269,0
DA:270,0
DA:271,0
DA:272,0
DA:273,0
DA:274,0
DA:275,0
DA:276,0
DA:277,0
DA:278,0
DA:279,0
DA:280,0
DA:281,0
DA:282,0
DA:283,0
DA:284,0
DA:285,0
DA:286,0
DA:287,0
DA:288,0
DA:289,0
DA:290,0
DA:291,0
DA:292,0
DA:293,0
DA:294,0
DA:295,0
DA:296,0
DA:297,0
DA:298,0
DA:299,0
DA:300,0
DA:301,0
DA:302,0
DA:303,0
DA:304,0
DA:305,0
DA:307,0
DA:308,0
DA:309,0
DA:310,0
DA:311,0
DA:312,0
DA:313,0
DA:314,0
DA:315,0
DA:316,0
DA:317,0
DA:318,0
DA:319,0
DA:320,0
DA:321,0
DA:322,0
DA:323,0
DA:324,0
DA:325,0
DA:326,0
DA:327,0
DA:328,0
DA:329,0
DA:330,0
DA:331,0
DA:332,0
DA:333,0
DA:334,0
DA:335,0
DA:336,0
DA:337,0
DA:338,0
DA:339,0
DA:340,0
DA:341,0
DA:342,0
DA:343,0
DA:344,0
DA:345,0
DA:346,0
DA:347,0
DA:348,0
DA:349,0
DA:350,0
DA:352,0
DA:353,0
DA:354,0
DA:355,0
DA:356,0
DA:357,0
DA:358,0
DA:359,0
DA:360,0
DA:361,0
DA:362,0
DA:363,0
DA:364,0
DA:365,0
DA:366,0
DA:367,0
DA:368,0
DA:369,0
DA:370,0
DA:371,0
DA:372,0
DA:373,0
DA:374,0
DA:375,0
DA:376,0
DA:377,0
DA:378,0
DA:379,0
DA:380,0
DA:381,0
DA:382,0
DA:383,0
DA:384,0
DA:385,0
DA:386,0
DA:387,0
DA:388,0
DA:389,0
DA:390,0
DA:391,0
DA:392,0
DA:393,0
DA:394,0
DA:395,0
DA:396,0
DA:397,0
DA:398,0
DA:399,0
DA:401,0
DA:402,0
DA:403,0
DA:404,0
DA:405,0
DA:406,0
DA:407,0
DA:408,0
DA:409,0
DA:410,0
DA:411,0
DA:412,0
DA:413,0
DA:414,0
DA:415,0
DA:416,0
DA:417,0
DA:418,0
DA:419,0
DA:420,0
DA:421,0
DA:422,0
DA:423,0
DA:424,0
DA:425,0
DA:426,0
DA:427,0
DA:428,0
DA:429,0
DA:430,0
DA:431,0
DA:432,0
DA:433,0
DA:434,0
DA:435,0
DA:436,0
DA:437,0
DA:438,0
DA:439,0
DA:440,0
DA:441,0
DA:442,0
DA:443,0
DA:444,0
DA:445,0
DA:446,0
DA:447,0
DA:448,0
DA:449,0
DA:450,0
DA:451,0
DA:452,0
DA:453,0
DA:454,0
DA:455,0
DA:456,0
DA:457,0
DA:458,0
DA:459,0
DA:460,0
DA:461,0
DA:462,0
DA:463,0
DA:465,0
DA:466,0
DA:467,0
DA:468,0
DA:469,0
DA:470,0
DA:471,0
DA:472,0
DA:473,0
DA:474,0
DA:475,0
DA:476,0
DA:477,0
DA:478,0
DA:479,0
DA:480,0
DA:481,0
DA:482,0
DA:483,0
DA:484,0
DA:485,0
DA:486,0
DA:487,0
DA:488,0
DA:489,0
DA:490,0
DA:491,0
DA:492,0
DA:493,0
DA:494,0
DA:495,0
DA:496,0
DA:497,0
DA:498,0
DA:499,0
DA:500,0
DA:501,0
DA:502,0
DA:503,0
DA:504,0
DA:505,0
DA:506,0
DA:507,0
DA:508,0
DA:509,0
DA:510,0
DA:511,0
DA:512,0
DA:513,0
DA:514,0
DA:515,0
DA:516,0
DA:517,0
DA:518,0
DA:519,0
DA:520,0
DA:521,0
DA:522,0
DA:523,0
DA:524,0
DA:525,0
DA:526,0
DA:527,0
DA:528,0
DA:529,0
DA:530,0
DA:532,0
DA:533,0
DA:534,0
DA:535,0
DA:536,0
DA:537,0
DA:538,0
DA:539,0
DA:540,0
DA:541,0
DA:542,0
DA:544,0
DA:545,0
DA:546,0
DA:547,0
DA:548,0
DA:549,0
DA:550,0
DA:551,0
DA:552,0
DA:553,0
DA:554,0
DA:555,0
DA:556,0
DA:557,0
DA:558,0
DA:559,0
DA:560,0
DA:561,0
DA:562,0
DA:563,0
DA:564,0
DA:565,0
DA:566,0
DA:567,0
DA:568,0
DA:569,0
DA:570,0
DA:572,0
DA:573,0
DA:574,0
DA:575,0
DA:576,0
DA:577,0
DA:578,0
DA:579,0
DA:580,0
DA:581,0
DA:583,0
DA:584,0
DA:585,0
DA:586,0
DA:587,0
DA:588,0
DA:589,0
DA:590,0
DA:591,0
DA:592,0
DA:593,0
DA:595,0
DA:596,0
DA:597,0
DA:598,0
DA:599,0
DA:600,0
DA:601,0
DA:602,0
DA:603,0
DA:604,0
DA:605,0
DA:607,0
DA:608,0
DA:609,0
DA:610,0
DA:611,0
DA:612,0
DA:613,0
DA:614,0
DA:615,0
DA:616,0
DA:617,0
DA:618,0
DA:619,0
DA:620,0
DA:621,0
DA:622,0
DA:623,0
DA:624,0
DA:625,0
DA:626,0
DA:627,0
DA:628,0
DA:629,0
DA:630,0
DA:631,0
DA:632,0
DA:633,0
DA:635,0
DA:636,0
DA:637,0
DA:638,0
DA:639,0
DA:640,0
DA:641,0
DA:642,0
DA:643,0
DA:644,0
DA:645,0
DA:647,0
DA:648,0
DA:649,0
DA:650,0
DA:651,0
DA:652,0
DA:653,0
DA:654,0
DA:655,0
DA:656,0
DA:657,0
DA:659,0
DA:660,0
DA:661,0
DA:662,0
DA:664,0
DA:665,0
DA:666,0
DA:667,0
DA:668,0
DA:669,0
DA:670,0
DA:671,0
DA:673,0
DA:674,0
DA:675,0
DA:676,0
DA:678,0
DA:679,0
DA:680,0
DA:681,0
DA:682,0
DA:683,0
DA:684,0
DA:685,0
DA:686,0
DA:687,0
DA:689,0
DA:690,0
DA:691,0
DA:692,0
DA:693,0
DA:694,0
DA:695,0
DA:697,0
LH:0
LF:652
end_of_record
SF:C:\Pet-Project\OnlineStore\OnlineStore.Infrastructure\Persistence\Migrations\AppDbContextModelSnapshot.cs
FN:17,BuildModel(Microsoft.EntityFrameworkCore.ModelBuilder)
FNDA:0,BuildModel(Microsoft.EntityFrameworkCore.ModelBuilder)
FNF:1
FNH:0
BRF:0
BRH:0
DA:17,0
DA:19,0
DA:20,0
DA:21,0
DA:23,0
DA:25,0
DA:26,0
DA:27,0
DA:28,0
DA:29,0
DA:30,0
DA:31,0
DA:32,0
DA:33,0
DA:34,0
DA:35,0
DA:36,0
DA:37,0
DA:38,0
DA:39,0
DA:40,0
DA:41,0
DA:42,0
DA:43,0
DA:44,0
DA:45,0
DA:46,0
DA:47,0
DA:49,0
DA:50,0
DA:51,0
DA:52,0
DA:53,0
DA:54,0
DA:55,0
DA:56,0
DA:57,0
DA:58,0
DA:59,0
DA:60,0
DA:61,0
DA:62,0
DA:63,0
DA:64,0
DA:65,0
DA:66,0
DA:67,0
DA:68,0
DA:69,0
DA:70,0
DA:71,0
DA:72,0
DA:73,0
DA:74,0
DA:75,0
DA:76,0
DA:77,0
DA:78,0
DA:79,0
DA:80,0
DA:81,0
DA:82,0
DA:83,0
DA:84,0
DA:85,0
DA:86,0
DA:87,0
DA:88,0
DA:89,0
DA:90,0
DA:91,0
DA:92,0
DA:93,0
DA:94,0
DA:95,0
DA:96,0
DA:97,0
DA:98,0
DA:99,0
DA:100,0
DA:101,0
DA:102,0
DA:104,0
DA:105,0
DA:106,0
DA:107,0
DA:108,0
DA:109,0
DA:110,0
DA:111,0
DA:112,0
DA:113,0
DA:114,0
DA:115,0
DA:116,0
DA:117,0
DA:118,0
DA:119,0
DA:120,0
DA:121,0
DA:122,0
DA:123,0
DA:124,0
DA:125,0
DA:126,0
DA:127,0
DA:128,0
DA:129,0
DA:130,0
DA:131,0
DA:132,0
DA:133,0
DA:134,0
DA:135,0
DA:136,0
DA:137,0
DA:138,0
DA:139,0
DA:140,0
DA:141,0
DA:142,0
DA:143,0
DA:144,0
DA:145,0
DA:146,0
DA:147,0
DA:148,0
DA:149,0
DA:150,0
DA:151,0
DA:152,0
DA:153,0
DA:154,0
DA:155,0
DA:157,0
DA:158,0
DA:159,0
DA:160,0
DA:161,0
DA:162,0
DA:163,0
DA:164,0
DA:165,0
DA:166,0
DA:167,0
DA:168,0
DA:169,0
DA:170,0
DA:171,0
DA:172,0
DA:173,0
DA:174,0
DA:175,0
DA:176,0
DA:177,0
DA:178,0
DA:179,0
DA:180,0
DA:181,0
DA:182,0
DA:183,0
DA:184,0
DA:185,0
DA:186,0
DA:187,0
DA:188,0
DA:189,0
DA:190,0
DA:191,0
DA:192,0
DA:193,0
DA:194,0
DA:195,0
DA:196,0
DA:197,0
DA:198,0
DA:199,0
DA:200,0
DA:201,0
DA:202,0
DA:203,0
DA:204,0
DA:206,0
DA:207,0
DA:208,0
DA:209,0
DA:210,0
DA:211,0
DA:212,0
DA:213,0
DA:214,0
DA:215,0
DA:216,0
DA:217,0
DA:218,0
DA:219,0
DA:220,0
DA:221,0
DA:222,0
DA:223,0
DA:224,0
DA:225,0
DA:226,0
DA:227,0
DA:228,0
DA:229,0
DA:230,0
DA:231,0
DA:232,0
DA:233,0
DA:234,0
DA:235,0
DA:236,0
DA:237,0
DA:238,0
DA:239,0
DA:240,0
DA:241,0
DA:242,0
DA:243,0
DA:244,0
DA:246,0
DA:247,0
DA:248,0
DA:249,0
DA:250,0
DA:251,0
DA:252,0
DA:253,0
DA:254,0
DA:255,0
DA:256,0
DA:257,0
DA:258,0
DA:259,0
DA:260,0
DA:261,0
DA:262,0
DA:263,0
DA:264,0
DA:265,0
DA:266,0
DA:267,0
DA:268,0
DA:269,0
DA:270,0
DA:271,0
DA:272,0
DA:273,0
DA:274,0
DA:275,0
DA:276,0
DA:277,0
DA:278,0
DA:279,0
DA:280,0
DA:281,0
DA:282,0
DA:283,0
DA:284,0
DA:285,0
DA:286,0
DA:287,0
DA:288,0
DA:289,0
DA:290,0
DA:291,0
DA:292,0
DA:293,0
DA:294,0
DA:295,0
DA:296,0
DA:297,0
DA:298,0
DA:299,0
DA:300,0
DA:301,0
DA:302,0
DA:304,0
DA:305,0
DA:306,0
DA:307,0
DA:308,0
DA:309,0
DA:310,0
DA:311,0
DA:312,0
DA:313,0
DA:314,0
DA:315,0
DA:316,0
DA:317,0
DA:318,0
DA:319,0
DA:320,0
DA:321,0
DA:322,0
DA:323,0
DA:324,0
DA:325,0
DA:326,0
DA:327,0
DA:328,0
DA:329,0
DA:330,0
DA:331,0
DA:332,0
DA:333,0
DA:334,0
DA:335,0
DA:336,0
DA:337,0
DA:338,0
DA:339,0
DA:340,0
DA:341,0
DA:342,0
DA:343,0
DA:344,0
DA:345,0
DA:346,0
DA:347,0
DA:349,0
DA:350,0
DA:351,0
DA:352,0
DA:353,0
DA:354,0
DA:355,0
DA:356,0
DA:357,0
DA:358,0
DA:359,0
DA:360,0
DA:361,0
DA:362,0
DA:363,0
DA:364,0
DA:365,0
DA:366,0
DA:367,0
DA:368,0
DA:369,0
DA:370,0
DA:371,0
DA:372,0
DA:373,0
DA:374,0
DA:375,0
DA:376,0
DA:377,0
DA:378,0
DA:379,0
DA:380,0
DA:381,0
DA:382,0
DA:383,0
DA:384,0
DA:385,0
DA:386,0
DA:387,0
DA:388,0
DA:389,0
DA:390,0
DA:391,0
DA:392,0
DA:393,0
DA:394,0
DA:395,0
DA:396,0
DA:398,0
DA:399,0
DA:400,0
DA:401,0
DA:402,0
DA:403,0
DA:404,0
DA:405,0
DA:406,0
DA:407,0
DA:408,0
DA:409,0
DA:410,0
DA:411,0
DA:412,0
DA:413,0
DA:414,0
DA:415,0
DA:416,0
DA:417,0
DA:418,0
DA:419,0
DA:420,0
DA:421,0
DA:422,0
DA:423,0
DA:424,0
DA:425,0
DA:426,0
DA:427,0
DA:428,0
DA:429,0
DA:430,0
DA:431,0
DA:432,0
DA:433,0
DA:434,0
DA:435,0
DA:436,0
DA:437,0
DA:438,0
DA:439,0
DA:440,0
DA:441,0
DA:442,0
DA:443,0
DA:444,0
DA:445,0
DA:446,0
DA:447,0
DA:448,0
DA:449,0
DA:450,0
DA:451,0
DA:452,0
DA:453,0
DA:454,0
DA:455,0
DA:456,0
DA:457,0
DA:458,0
DA:459,0
DA:460,0
DA:462,0
DA:463,0
DA:464,0
DA:465,0
DA:466,0
DA:467,0
DA:468,0
DA:469,0
DA:470,0
DA:471,0
DA:472,0
DA:473,0
DA:474,0
DA:475,0
DA:476,0
DA:477,0
DA:478,0
DA:479,0
DA:480,0
DA:481,0
DA:482,0
DA:483,0
DA:484,0
DA:485,0
DA:486,0
DA:487,0
DA:488,0
DA:489,0
DA:490,0
DA:491,0
DA:492,0
DA:493,0
DA:494,0
DA:495,0
DA:496,0
DA:497,0
DA:498,0
DA:499,0
DA:500,0
DA:501,0
DA:502,0
DA:503,0
DA:504,0
DA:505,0
DA:506,0
DA:507,0
DA:508,0
DA:509,0
DA:510,0
DA:511,0
DA:512,0
DA:513,0
DA:514,0
DA:515,0
DA:516,0
DA:517,0
DA:518,0
DA:519,0
DA:520,0
DA:521,0
DA:522,0
DA:523,0
DA:524,0
DA:525,0
DA:526,0
DA:527,0
DA:529,0
DA:530,0
DA:531,0
DA:532,0
DA:533,0
DA:534,0
DA:535,0
DA:536,0
DA:537,0
DA:538,0
DA:539,0
DA:541,0
DA:542,0
DA:543,0
DA:544,0
DA:545,0
DA:546,0
DA:547,0
DA:548,0
DA:549,0
DA:550,0
DA:551,0
DA:552,0
DA:553,0
DA:554,0
DA:555,0
DA:556,0
DA:557,0
DA:558,0
DA:559,0
DA:560,0
DA:561,0
DA:562,0
DA:563,0
DA:564,0
DA:565,0
DA:566,0
DA:567,0
DA:569,0
DA:570,0
DA:571,0
DA:572,0
DA:573,0
DA:574,0
DA:575,0
DA:576,0
DA:577,0
DA:578,0
DA:580,0
DA:581,0
DA:582,0
DA:583,0
DA:584,0
DA:585,0
DA:586,0
DA:587,0
DA:588,0
DA:589,0
DA:590,0
DA:592,0
DA:593,0
DA:594,0
DA:595,0
DA:596,0
DA:597,0
DA:598,0
DA:599,0
DA:600,0
DA:601,0
DA:602,0
DA:604,0
DA:605,0
DA:606,0
DA:607,0
DA:608,0
DA:609,0
DA:610,0
DA:611,0
DA:612,0
DA:613,0
DA:614,0
DA:615,0
DA:616,0
DA:617,0
DA:618,0
DA:619,0
DA:620,0
DA:621,0
DA:622,0
DA:623,0
DA:624,0
DA:625,0
DA:626,0
DA:627,0
DA:628,0
DA:629,0
DA:630,0
DA:632,0
DA:633,0
DA:634,0
DA:635,0
DA:636,0
DA:637,0
DA:638,0
DA:639,0
DA:640,0
DA:641,0
DA:642,0
DA:644,0
DA:645,0
DA:646,0
DA:647,0
DA:648,0
DA:649,0
DA:650,0
DA:651,0
DA:652,0
DA:653,0
DA:654,0
DA:656,0
DA:657,0
DA:658,0
DA:659,0
DA:661,0
DA:662,0
DA:663,0
DA:664,0
DA:665,0
DA:666,0
DA:667,0
DA:668,0
DA:670,0
DA:671,0
DA:672,0
DA:673,0
DA:675,0
DA:676,0
DA:677,0
DA:678,0
DA:679,0
DA:680,0
DA:681,0
DA:682,0
DA:683,0
DA:684,0
DA:686,0
DA:687,0
DA:688,0
DA:689,0
DA:690,0
DA:691,0
DA:692,0
DA:694,0
LH:0
LF:652
end_of_record
SF:C:\Pet-Project\OnlineStore\OnlineStore.Infrastructure\Persistence\Migrations\20250818174916_InitAll.cs
FN:13,Up(Microsoft.EntityFrameworkCore.Migrations.MigrationBuilder)
FN:399,Down(Microsoft.EntityFrameworkCore.Migrations.MigrationBuilder)
FNDA:0,Up(Microsoft.EntityFrameworkCore.Migrations.MigrationBuilder)
FNDA:0,Down(Microsoft.EntityFrameworkCore.Migrations.MigrationBuilder)
FNF:2
FNH:0
BRF:0
BRH:0
DA:13,0
DA:14,0
DA:15,0
DA:16,0
DA:17,0
DA:18,0
DA:19,0
DA:20,0
DA:21,0
DA:22,0
DA:23,0
DA:24,0
DA:25,0
DA:26,0
DA:27,0
DA:28,0
DA:29,0
DA:30,0
DA:32,0
DA:33,0
DA:34,0
DA:35,0
DA:36,0
DA:37,0
DA:38,0
DA:39,0
DA:40,0
DA:41,0
DA:42,0
DA:43,0
DA:44,0
DA:45,0
DA:46,0
DA:48,0
DA:49,0
DA:50,0
DA:51,0
DA:52,0
DA:53,0
DA:54,0
DA:55,0
DA:56,0
DA:57,0
DA:58,0
DA:59,0
DA:60,0
DA:61,0
DA:62,0
DA:63,0
DA:64,0
DA:65,0
DA:66,0
DA:67,0
DA:68,0
DA:69,0
DA:70,0
DA:71,0
DA:73,0
DA:74,0
DA:75,0
DA:76,0
DA:77,0
DA:78,0
DA:79,0
DA:80,0
DA:81,0
DA:82,0
DA:83,0
DA:84,0
DA:85,0
DA:86,0
DA:87,0
DA:88,0
DA:89,0
DA:90,0
DA:91,0
DA:92,0
DA:93,0
DA:94,0
DA:95,0
DA:97,0
DA:98,0
DA:99,0
DA:100,0
DA:101,0
DA:102,0
DA:103,0
DA:104,0
DA:105,0
DA:106,0
DA:107,0
DA:108,0
DA:109,0
DA:110,0
DA:111,0
DA:112,0
DA:113,0
DA:114,0
DA:116,0
DA:117,0
DA:118,0
DA:119,0
DA:120,0
DA:121,0
DA:122,0
DA:123,0
DA:124,0
DA:125,0
DA:126,0
DA:127,0
DA:128,0
DA:129,0
DA:130,0
DA:131,0
DA:132,0
DA:133,0
DA:134,0
DA:135,0
DA:137,0
DA:138,0
DA:139,0
DA:140,0
DA:141,0
DA:142,0
DA:143,0
DA:144,0
DA:145,0
DA:146,0
DA:147,0
DA:148,0
DA:149,0
DA:150,0
DA:151,0
DA:152,0
DA:153,0
DA:154,0
DA:155,0
DA:156,0
DA:157,0
DA:158,0
DA:159,0
DA:160,0
DA:161,0
DA:162,0
DA:164,0
DA:165,0
DA:166,0
DA:167,0
DA:168,0
DA:169,0
DA:170,0
DA:171,0
DA:172,0
DA:173,0
DA:174,0
DA:175,0
DA:176,0
DA:177,0
DA:178,0
DA:179,0
DA:180,0
DA:181,0
DA:182,0
DA:183,0
DA:184,0
DA:185,0
DA:186,0
DA:188,0
DA:189,0
DA:190,0
DA:191,0
DA:192,0
DA:193,0
DA:194,0
DA:195,0
DA:196,0
DA:197,0
DA:198,0
DA:199,0
DA:200,0
DA:201,0
DA:202,0
DA:203,0
DA:204,0
DA:205,0
DA:206,0
DA:207,0
DA:208,0
DA:209,0
DA:210,0
DA:211,0
DA:212,0
DA:213,0
DA:214,0
DA:215,0
DA:216,0
DA:217,0
DA:218,0
DA:219,0
DA:220,0
DA:221,0
DA:223,0
DA:224,0
DA:225,0
DA:226,0
DA:227,0
DA:228,0
DA:229,0
DA:230,0
DA:231,0
DA:232,0
DA:233,0
DA:234,0
DA:235,0
DA:236,0
DA:237,0
DA:238,0
DA:239,0
DA:240,0
DA:241,0
DA:242,0
DA:243,0
DA:244,0
DA:245,0
DA:246,0
DA:247,0
DA:248,0
DA:249,0
DA:250,0
DA:251,0
DA:252,0
DA:253,0
DA:254,0
DA:255,0
DA:256,0
DA:257,0
DA:259,0
DA:260,0
DA:261,0
DA:262,0
DA:264,0
DA:265,0
DA:266,0
DA:267,0
DA:268,0
DA:269,0
DA:271,0
DA:272,0
DA:273,0
DA:274,0
DA:275,0
DA:276,0
DA:278,0
DA:279,0
DA:280,0
DA:281,0
DA:283,0
DA:284,0
DA:285,0
DA:286,0
DA:288,0
DA:289,0
DA:290,0
DA:291,0
DA:292,0
DA:294,0
DA:295,0
DA:296,0
DA:297,0
DA:298,0
DA:299,0
DA:301,0
DA:302,0
DA:303,0
DA:304,0
DA:306,0
DA:307,0
DA:308,0
DA:309,0
DA:311,0
DA:312,0
DA:313,0
DA:314,0
DA:316,0
DA:317,0
DA:318,0
DA:319,0
DA:320,0
DA:322,0
DA:323,0
DA:324,0
DA:325,0
DA:327,0
DA:328,0
DA:329,0
DA:330,0
DA:331,0
DA:332,0
DA:334,0
DA:335,0
DA:336,0
DA:337,0
DA:338,0
DA:339,0
DA:341,0
DA:342,0
DA:343,0
DA:344,0
DA:345,0
DA:347,0
DA:348,0
DA:349,0
DA:350,0
DA:352,0
DA:353,0
DA:354,0
DA:355,0
DA:357,0
DA:358,0
DA:359,0
DA:360,0
DA:362,0
DA:363,0
DA:364,0
DA:365,0
DA:366,0
DA:367,0
DA:369,0
DA:370,0
DA:371,0
DA:372,0
DA:374,0
DA:375,0
DA:376,0
DA:377,0
DA:379,0
DA:380,0
DA:381,0
DA:382,0
DA:383,0
DA:385,0
DA:386,0
DA:387,0
DA:388,0
DA:390,0
DA:391,0
DA:392,0
DA:393,0
DA:394,0
DA:395,0
DA:399,0
DA:400,0
DA:401,0
DA:403,0
DA:404,0
DA:406,0
DA:407,0
DA:409,0
DA:410,0
DA:412,0
DA:413,0
DA:415,0
DA:416,0
DA:418,0
DA:419,0
DA:421,0
DA:422,0
DA:424,0
DA:425,0
DA:427,0
DA:428,0
DA:429,0
LH:0
LF:372
end_of_record
SF:C:\Pet-Project\OnlineStore\OnlineStore.Infrastructure\Persistence\Migrations\20250818174916_InitAll.Designer.cs
FN:20,BuildTargetModel(Microsoft.EntityFrameworkCore.ModelBuilder)
FNDA:0,BuildTargetModel(Microsoft.EntityFrameworkCore.ModelBuilder)
FNF:1
FNH:0
BRF:0
BRH:0
DA:20,0
DA:22,0
DA:23,0
DA:24,0
DA:26,0
DA:28,0
DA:29,0
DA:30,0
DA:31,0
DA:32,0
DA:33,0
DA:34,0
DA:35,0
DA:36,0
DA:37,0
DA:38,0
DA:39,0
DA:40,0
DA:41,0
DA:42,0
DA:43,0
DA:44,0
DA:45,0
DA:46,0
DA:47,0
DA:48,0
DA:49,0
DA:50,0
DA:52,0
DA:53,0
DA:54,0
DA:55,0
DA:56,0
DA:57,0
DA:58,0
DA:59,0
DA:60,0
DA:61,0
DA:62,0
DA:63,0
DA:64,0
DA:65,0
DA:66,0
DA:67,0
DA:68,0
DA:69,0
DA:70,0
DA:71,0
DA:72,0
DA:73,0
DA:74,0
DA:75,0
DA:76,0
DA:77,0
DA:78,0
DA:79,0
DA:80,0
DA:81,0
DA:82,0
DA:83,0
DA:84,0
DA:85,0
DA:86,0
DA:87,0
DA:88,0
DA:89,0
DA:90,0
DA:91,0
DA:92,0
DA:93,0
DA:94,0
DA:95,0
DA:96,0
DA:97,0
DA:98,0
DA:99,0
DA:100,0
DA:101,0
DA:102,0
DA:103,0
DA:104,0
DA:105,0
DA:107,0
DA:108,0
DA:109,0
DA:110,0
DA:111,0
DA:112,0
DA:113,0
DA:114,0
DA:115,0
DA:116,0
DA:117,0
DA:118,0
DA:119,0
DA:120,0
DA:121,0
DA:122,0
DA:123,0
DA:124,0
DA:125,0
DA:126,0
DA:127,0
DA:128,0
DA:129,0
DA:130,0
DA:131,0
DA:132,0
DA:133,0
DA:134,0
DA:135,0
DA:136,0
DA:137,0
DA:138,0
DA:139,0
DA:140,0
DA:141,0
DA:142,0
DA:143,0
DA:144,0
DA:145,0
DA:146,0
DA:147,0
DA:148,0
DA:149,0
DA:150,0
DA:151,0
DA:152,0
DA:153,0
DA:154,0
DA:155,0
DA:156,0
DA:157,0
DA:158,0
DA:160,0
DA:161,0
DA:162,0
DA:163,0
DA:164,0
DA:165,0
DA:166,0
DA:167,0
DA:168,0
DA:169,0
DA:170,0
DA:171,0
DA:172,0
DA:173,0
DA:174,0
DA:175,0
DA:176,0
DA:177,0
DA:178,0
DA:179,0
DA:180,0
DA:181,0
DA:182,0
DA:183,0
DA:184,0
DA:185,0
DA:186,0
DA:187,0
DA:188,0
DA:189,0
DA:190,0
DA:191,0
DA:192,0
DA:193,0
DA:194,0
DA:195,0
DA:196,0
DA:197,0
DA:198,0
DA:199,0
DA:200,0
DA:201,0
DA:202,0
DA:203,0
DA:204,0
DA:205,0
DA:206,0
DA:207,0
DA:209,0
DA:210,0
DA:211,0
DA:212,0
DA:213,0
DA:214,0
DA:215,0
DA:216,0
DA:217,0
DA:218,0
DA:219,0
DA:220,0
DA:221,0
DA:222,0
DA:223,0
DA:224,0
DA:225,0
DA:226,0
DA:227,0
DA:228,0
DA:229,0
DA:230,0
DA:231,0
DA:232,0
DA:233,0
DA:234,0
DA:235,0
DA:236,0
DA:237,0
DA:238,0
DA:239,0
DA:240,0
DA:241,0
DA:242,0
DA:243,0
DA:244,0
DA:245,0
DA:246,0
DA:247,0
DA:249,0
DA:250,0
DA:251,0
DA:252,0
DA:253,0
DA:254,0
DA:255,0
DA:256,0
DA:257,0
DA:258,0
DA:259,0
DA:260,0
DA:261,0
DA:262,0
DA:263,0
DA:264,0
DA:265,0
DA:266,0
DA:267,0
DA:268,0
DA:269,0
DA:270,0
DA:271,0
DA:272,0
DA:273,0
DA:274,0
DA:275,0
DA:276,0
DA:277,0
DA:278,0
DA:279,0
DA:280,0
DA:281,0
DA:282,0
DA:283,0
DA:284,0
DA:285,0
DA:286,0
DA:287,0
DA:288,0
DA:289,0
DA:290,0
DA:291,0
DA:292,0
DA:293,0
DA:294,0
DA:295,0
DA:296,0
DA:297,0
DA:298,0
DA:299,0
DA:300,0
DA:301,0
DA:302,0
DA:303,0
DA:304,0
DA:305,0
DA:307,0
DA:308,0
DA:309,0
DA:310,0
DA:311,0
DA:312,0
DA:313,0
DA:314,0
DA:315,0
DA:316,0
DA:317,0
DA:318,0
DA:319,0
DA:320,0
DA:321,0
DA:322,0
DA:323,0
DA:324,0
DA:325,0
DA:326,0
DA:327,0
DA:328,0
DA:329,0
DA:330,0
DA:331,0
DA:332,0
DA:333,0
DA:334,0
DA:335,0
DA:336,0
DA:337,0
DA:338,0
DA:339,0
DA:340,0
DA:341,0
DA:342,0
DA:343,0
DA:344,0
DA:345,0
DA:346,0
DA:347,0
DA:348,0
DA:349,0
DA:350,0
DA:352,0
DA:353,0
DA:354,0
DA:355,0
DA:356,0
DA:357,0
DA:358,0
DA:359,0
DA:360,0
DA:361,0
DA:362,0
DA:363,0
DA:364,0
DA:365,0
DA:366,0
DA:367,0
DA:368,0
DA:369,0
DA:370,0
DA:371,0
DA:372,0
DA:373,0
DA:374,0
DA:375,0
DA:376,0
DA:377,0
DA:378,0
DA:379,0
DA:380,0
DA:381,0
DA:382,0
DA:383,0
DA:384,0
DA:385,0
DA:386,0
DA:387,0
DA:388,0
DA:389,0
DA:390,0
DA:391,0
DA:392,0
DA:393,0
DA:394,0
DA:395,0
DA:396,0
DA:397,0
DA:398,0
DA:399,0
DA:401,0
DA:402,0
DA:403,0
DA:404,0
DA:405,0
DA:406,0
DA:407,0
DA:408,0
DA:409,0
DA:410,0
DA:411,0
DA:412,0
DA:413,0
DA:414,0
DA:415,0
DA:416,0
DA:417,0
DA:418,0
DA:419,0
DA:420,0
DA:421,0
DA:422,0
DA:423,0
DA:424,0
DA:425,0
DA:426,0
DA:427,0
DA:428,0
DA:429,0
DA:430,0
DA:431,0
DA:432,0
DA:433,0
DA:434,0
DA:435,0
DA:436,0
DA:437,0
DA:438,0
DA:439,0
DA:440,0
DA:441,0
DA:442,0
DA:443,0
DA:444,0
DA:445,0
DA:446,0
DA:447,0
DA:448,0
DA:449,0
DA:450,0
DA:451,0
DA:452,0
DA:453,0
DA:454,0
DA:455,0
DA:456,0
DA:457,0
DA:458,0
DA:459,0
DA:460,0
DA:461,0
DA:462,0
DA:463,0
DA:465,0
DA:466,0
DA:467,0
DA:468,0
DA:469,0
DA:470,0
DA:471,0
DA:472,0
DA:473,0
DA:474,0
DA:475,0
DA:476,0
DA:477,0
DA:478,0
DA:479,0
DA:480,0
DA:481,0
DA:482,0
DA:483,0
DA:484,0
DA:485,0
DA:486,0
DA:487,0
DA:488,0
DA:489,0
DA:490,0
DA:491,0
DA:492,0
DA:493,0
DA:494,0
DA:495,0
DA:496,0
DA:497,0
DA:498,0
DA:499,0
DA:500,0
DA:501,0
DA:502,0
DA:503,0
DA:504,0
DA:505,0
DA:506,0
DA:507,0
DA:509,0
DA:510,0
DA:511,0
DA:512,0
DA:513,0
DA:514,0
DA:515,0
DA:516,0
DA:517,0
DA:518,0
DA:519,0
DA:521,0
DA:522,0
DA:523,0
DA:524,0
DA:525,0
DA:526,0
DA:527,0
DA:528,0
DA:529,0
DA:530,0
DA:531,0
DA:532,0
DA:533,0
DA:534,0
DA:535,0
DA:536,0
DA:537,0
DA:538,0
DA:539,0
DA:540,0
DA:541,0
DA:542,0
DA:543,0
DA:544,0
DA:545,0
DA:546,0
DA:547,0
DA:549,0
DA:550,0
DA:551,0
DA:552,0
DA:553,0
DA:554,0
DA:555,0
DA:556,0
DA:557,0
DA:558,0
DA:560,0
DA:561,0
DA:562,0
DA:563,0
DA:564,0
DA:565,0
DA:566,0
DA:567,0
DA:568,0
DA:569,0
DA:570,0
DA:572,0
DA:573,0
DA:574,0
DA:575,0
DA:576,0
DA:577,0
DA:578,0
DA:579,0
DA:580,0
DA:581,0
DA:582,0
DA:584,0
DA:585,0
DA:586,0
DA:587,0
DA:588,0
DA:589,0
DA:590,0
DA:591,0
DA:592,0
DA:593,0
DA:594,0
DA:595,0
DA:596,0
DA:597,0
DA:598,0
DA:599,0
DA:600,0
DA:601,0
DA:602,0
DA:603,0
DA:604,0
DA:605,0
DA:606,0
DA:607,0
DA:608,0
DA:609,0
DA:610,0
DA:612,0
DA:613,0
DA:614,0
DA:615,0
DA:616,0
DA:617,0
DA:618,0
DA:619,0
DA:620,0
DA:621,0
DA:622,0
DA:624,0
DA:625,0
DA:626,0
DA:627,0
DA:628,0
DA:629,0
DA:630,0
DA:631,0
DA:632,0
DA:633,0
DA:634,0
DA:636,0
DA:637,0
DA:638,0
DA:639,0
DA:641,0
DA:642,0
DA:643,0
DA:644,0
DA:645,0
DA:646,0
DA:647,0
DA:648,0
DA:650,0
DA:651,0
DA:652,0
DA:653,0
DA:655,0
DA:656,0
DA:657,0
DA:658,0
DA:659,0
DA:660,0
DA:661,0
DA:662,0
DA:663,0
DA:664,0
DA:666,0
DA:667,0
DA:668,0
DA:669,0
DA:670,0
DA:671,0
DA:672,0
DA:674,0
LH:0
LF:629
end_of_record
SF:C:\Pet-Project\OnlineStore\OnlineStore.Infrastructure\Options\JwtOptions.cs
FN:9,get_Issuer()
FN:12,get_Audience()
FN:15,get_Key()
FN:18,get_AccessTokenLifetimeMinutes()
FN:20,get_RefreshTokenLifetimeDays()
FNDA:100,get_Issuer()
FNDA:100,get_Audience()
FNDA:100,get_Key()
FNDA:96,get_AccessTokenLifetimeMinutes()
FNDA:88,get_RefreshTokenLifetimeDays()
FNF:5
FNH:5
BRF:0
BRH:0
DA:9,100
DA:12,100
DA:15,100
DA:18,96
DA:20,88
LH:5
LF:5
end_of_record
SF:C:\Pet-Project\OnlineStore\OnlineStore.Infrastructure\Persistence\AppDbContext.cs
FN:17,OnModelCreating(Microsoft.EntityFrameworkCore.ModelBuilder)
FN:28,get_Users()
FN:29,get_RefreshTokens()
FN:30,get_Projects()
FN:31,get_Models()
FN:32,get_ProjectImages()
FN:33,get_ModelImages()
FN:34,get_Carts()
FN:35,get_CartItems()
FN:36,get_Orders()
FN:37,get_OrderItems()
FN:12,.ctor(Microsoft.EntityFrameworkCore.DbContextOptions`1<OnlineStore.Infrastructure.Persistence.AppDbContext>)
FNDA:4,OnModelCreating(Microsoft.EntityFrameworkCore.ModelBuilder)
FNDA:0,get_Users()
FNDA:0,get_RefreshTokens()
FNDA:0,get_Projects()
FNDA:0,get_Models()
FNDA:0,get_ProjectImages()
FNDA:0,get_ModelImages()
FNDA:0,get_Carts()
FNDA:0,get_CartItems()
FNDA:0,get_Orders()
FNDA:0,get_OrderItems()
FNDA:120,.ctor(Microsoft.EntityFrameworkCore.DbContextOptions`1<OnlineStore.Infrastructure.Persistence.AppDbContext>)
FNF:12
FNH:2
BRF:0
BRH:0
DA:12,120
DA:17,4
DA:18,4
DA:21,4
DA:24,4
DA:25,4
DA:28,0
DA:29,0
DA:30,0
DA:31,0
DA:32,0
DA:33,0
DA:34,0
DA:35,0
DA:36,0
DA:37,0
LH:6
LF:16
end_of_record
SF:C:\Pet-Project\OnlineStore\OnlineStore.Infrastructure\Persistence\Configurations\CartConfiguration.cs
FN:10,Configure(Microsoft.EntityFrameworkCore.Metadata.Builders.EntityTypeBuilder`1<OnlineStore.Domain.Entities.Cart>)
FNDA:4,Configure(Microsoft.EntityFrameworkCore.Metadata.Builders.EntityTypeBuilder`1<OnlineStore.Domain.Entities.Cart>)
FNF:1
FNH:1
BRF:0
BRH:0
DA:10,4
DA:11,4
DA:12,4
DA:13,4
DA:14,8
DA:16,4
DA:17,4
DA:19,4
LH:8
LF:8
end_of_record
SF:C:\Pet-Project\OnlineStore\OnlineStore.Infrastructure\Persistence\Configurations\CartItemConfiguration.cs
FN:10,Configure(Microsoft.EntityFrameworkCore.Metadata.Builders.EntityTypeBuilder`1<OnlineStore.Domain.Entities.CartItem>)
FNDA:4,Configure(Microsoft.EntityFrameworkCore.Metadata.Builders.EntityTypeBuilder`1<OnlineStore.Domain.Entities.CartItem>)
FNF:1
FNH:1
BRF:0
BRH:0
DA:10,4
DA:11,4
DA:12,4
DA:13,4
DA:14,4
DA:15,4
DA:16,4
DA:17,4
DA:18,4
DA:19,4
DA:20,4
DA:21,4
DA:22,8
DA:24,4
DA:26,4
DA:27,4
DA:28,4
DA:30,4
DA:31,4
DA:32,4
DA:33,4
DA:35,4
DA:36,4
DA:37,4
DA:38,4
DA:40,4
DA:41,4
DA:42,4
DA:43,4
DA:45,4
DA:46,4
DA:47,4
DA:49,4
DA:50,4
DA:51,4
DA:53,4
DA:55,4
DA:56,4
DA:57,4
DA:58,4
LH:40
LF:40
end_of_record
SF:C:\Pet-Project\OnlineStore\OnlineStore.Infrastructure\Persistence\Configurations\Model3DConfiguration.cs
FN:10,Configure(Microsoft.EntityFrameworkCore.Metadata.Builders.EntityTypeBuilder`1<OnlineStore.Domain.Entities.Model3D>)
FNDA:4,Configure(Microsoft.EntityFrameworkCore.Metadata.Builders.EntityTypeBuilder`1<OnlineStore.Domain.Entities.Model3D>)
FNF:1
FNH:1
BRF:0
BRH:0
DA:10,4
DA:11,4
DA:12,4
DA:13,4
DA:14,4
DA:15,8
DA:17,4
DA:19,4
DA:20,4
DA:22,4
DA:23,4
DA:24,4
DA:25,4
DA:27,4
DA:28,4
DA:29,4
DA:31,4
DA:32,4
DA:33,4
DA:35,4
DA:36,4
DA:37,4
DA:38,4
DA:40,4
DA:41,4
DA:42,4
DA:43,4
DA:46,4
DA:47,4
LH:29
LF:29
end_of_record
SF:C:\Pet-Project\OnlineStore\OnlineStore.Infrastructure\Persistence\Configurations\OrderConfiguration.cs
FN:10,Configure(Microsoft.EntityFrameworkCore.Metadata.Builders.EntityTypeBuilder`1<OnlineStore.Domain.Entities.Order>)
FNDA:4,Configure(Microsoft.EntityFrameworkCore.Metadata.Builders.EntityTypeBuilder`1<OnlineStore.Domain.Entities.Order>)
FNF:1
FNH:1
BRF:0
BRH:0
DA:10,4
DA:11,4
DA:12,4
DA:13,4
DA:14,8
DA:16,4
DA:18,4
DA:19,4
DA:20,4
DA:22,4
DA:23,4
DA:24,4
DA:26,4
DA:27,4
DA:28,4
DA:29,4
DA:31,4
DA:34,4
DA:35,4
DA:36,4
DA:37,4
LH:21
LF:21
end_of_record
SF:C:\Pet-Project\OnlineStore\OnlineStore.Infrastructure\Persistence\Configurations\OrderItemConfiguration.cs
FN:10,Configure(Microsoft.EntityFrameworkCore.Metadata.Builders.EntityTypeBuilder`1<OnlineStore.Domain.Entities.OrderItem>)
FNDA:4,Configure(Microsoft.EntityFrameworkCore.Metadata.Builders.EntityTypeBuilder`1<OnlineStore.Domain.Entities.OrderItem>)
FNF:1
FNH:1
BRF:0
BRH:0
DA:10,4
DA:11,4
DA:12,4
DA:13,4
DA:14,4
DA:15,4
DA:16,4
DA:17,4
DA:18,4
DA:19,4
DA:20,4
DA:21,4
DA:22,4
DA:23,8
DA:25,4
DA:27,4
DA:28,4
DA:29,4
DA:30,4
DA:32,4
DA:33,4
DA:34,4
DA:35,4
DA:37,4
DA:38,4
DA:39,4
DA:40,4
DA:42,4
DA:43,4
DA:44,4
DA:45,4
DA:47,4
DA:48,4
DA:49,4
DA:51,4
DA:52,4
DA:53,4
DA:55,4
DA:56,4
DA:57,4
DA:59,4
DA:60,4
DA:61,4
DA:62,4
LH:44
LF:44
end_of_record
SF:C:\Pet-Project\OnlineStore\OnlineStore.Infrastructure\Persistence\Configurations\ProjectConfiguration.cs
FN:10,Configure(Microsoft.EntityFrameworkCore.Metadata.Builders.EntityTypeBuilder`1<OnlineStore.Domain.Entities.Project>)
FNDA:4,Configure(Microsoft.EntityFrameworkCore.Metadata.Builders.EntityTypeBuilder`1<OnlineStore.Domain.Entities.Project>)
FNF:1
FNH:1
BRF:0
BRH:0
DA:10,4
DA:11,4
DA:12,4
DA:13,4
DA:14,4
DA:15,8
DA:17,4
DA:19,4
DA:20,4
DA:22,4
DA:23,4
DA:24,4
DA:25,4
DA:27,4
DA:28,4
DA:29,4
DA:31,4
DA:32,4
DA:33,4
DA:35,4
DA:36,4
DA:37,4
DA:38,4
DA:40,4
DA:41,4
DA:42,4
DA:43,4
DA:47,4
DA:48,4
LH:29
LF:29
end_of_record
SF:C:\Pet-Project\OnlineStore\OnlineStore.Infrastructure\Persistence\Configurations\ProjectImageConfiguration.cs
FN:10,Configure(Microsoft.EntityFrameworkCore.Metadata.Builders.EntityTypeBuilder`1<OnlineStore.Domain.Entities.ProjectImage>)
FNDA:4,Configure(Microsoft.EntityFrameworkCore.Metadata.Builders.EntityTypeBuilder`1<OnlineStore.Domain.Entities.ProjectImage>)
FNF:1
FNH:1
BRF:0
BRH:0
DA:10,4
DA:11,4
DA:12,4
DA:13,4
DA:14,4
DA:15,8
DA:17,4
DA:19,4
DA:20,4
DA:21,4
DA:22,4
DA:24,4
DA:25,4
DA:27,4
DA:28,4
DA:29,4
DA:31,4
DA:32,4
DA:33,4
DA:35,4
DA:36,4
DA:37,4
DA:38,4
DA:40,4
DA:41,4
DA:42,4
DA:43,4
DA:44,4
LH:28
LF:28
end_of_record
SF:C:\Pet-Project\OnlineStore\OnlineStore.Infrastructure\Persistence\Configurations\RefreshTokenConfiguration.cs
FN:10,Configure(Microsoft.EntityFrameworkCore.Metadata.Builders.EntityTypeBuilder`1<OnlineStore.Domain.Entities.RefreshToken>)
FNDA:4,Configure(Microsoft.EntityFrameworkCore.Metadata.Builders.EntityTypeBuilder`1<OnlineStore.Domain.Entities.RefreshToken>)
FNF:1
FNH:1
BRF:0
BRH:0
DA:10,4
DA:11,4
DA:12,4
DA:13,4
DA:14,8
DA:16,4
DA:18,4
DA:19,4
DA:20,4
DA:22,4
DA:23,4
DA:24,4
DA:26,4
DA:28,4
DA:30,4
DA:32,4
DA:33,4
DA:34,4
DA:35,4
DA:36,4
LH:20
LF:20
end_of_record
SF:C:\Pet-Project\OnlineStore\OnlineStore.Infrastructure\Persistence\Configurations\UserConfiguration.cs
FN:10,Configure(Microsoft.EntityFrameworkCore.Metadata.Builders.EntityTypeBuilder`1<OnlineStore.Domain.Entities.User>)
FNDA:4,Configure(Microsoft.EntityFrameworkCore.Metadata.Builders.EntityTypeBuilder`1<OnlineStore.Domain.Entities.User>)
FNF:1
FNH:1
BRF:0
BRH:0
DA:10,4
DA:11,4
DA:12,4
DA:13,4
DA:14,8
DA:16,4
DA:18,4
DA:19,4
DA:20,4
DA:21,4
DA:23,4
DA:24,4
DA:25,4
DA:26,4
DA:28,4
DA:29,4
DA:30,4
DA:31,4
DA:33,4
DA:34,4
DA:35,4
DA:37,4
DA:38,4
DA:39,4
DA:41,4
DA:42,4
DA:43,4
DA:45,4
DA:46,4
DA:48,4
DA:49,4
DA:52,4
DA:53,4
DA:54,4
DA:55,4
DA:59,4
DA:60,4
DA:61,4
DA:62,4
LH:39
LF:39
end_of_record
SF:C:\Pet-Project\OnlineStore\OnlineStore.Infrastructure\Repositories\RefreshTokenRepository.cs
FN:61,RevokeAsync(OnlineStore.Domain.Entities.RefreshToken,System.String)
FN:15,.ctor(OnlineStore.Infrastructure.Persistence.AppDbContext)
FN:22,AddAsync()
FN:49,GetActiveByUserAsync()
FN:30,GetByHashAsync()
FN:41,GetByIdAsync()
FN:75,RevokeAllForUserAsync()
FNDA:0,RevokeAsync(OnlineStore.Domain.Entities.RefreshToken,System.String)
FNDA:0,.ctor(OnlineStore.Infrastructure.Persistence.AppDbContext)
FNDA:0,AddAsync()
FNDA:0,GetActiveByUserAsync()
FNDA:0,GetByHashAsync()
FNDA:0,GetByIdAsync()
FNDA:0,RevokeAllForUserAsync()
FNF:7
FNH:0
BRDA:62,62,100,-
BRDA:62,62,101,-
BRF:2
BRH:0
DA:15,0
DA:22,0
DA:23,0
DA:24,0
DA:30,0
DA:32,0
DA:33,0
DA:34,0
DA:35,0
DA:41,0
DA:42,0
DA:43,0
DA:49,0
DA:50,0
DA:51,0
DA:52,0
DA:53,0
DA:54,0
DA:55,0
DA:61,0
DA:62,0
DA:63,0
DA:64,0
DA:65,0
DA:66,0
DA:67,0
DA:68,0
DA:75,0
DA:76,0
DA:78,0
DA:79,0
DA:80,0
DA:81,0
DA:82,0
DA:83,0
DA:84,0
LH:0
LF:36
end_of_record
SF:C:\Pet-Project\OnlineStore\OnlineStore.Infrastructure\Repositories\UserRepository.cs
FN:41,AddAsync(OnlineStore.Domain.Entities.User)
FN:17,.ctor(OnlineStore.Infrastructure.Persistence.AppDbContext)
FN:25,GetByIdAsync()
FN:33,GetByNormalizedEmailAsync()
FN:48,UpdatePasswordHashAsync()
FNDA:0,AddAsync(OnlineStore.Domain.Entities.User)
FNDA:0,.ctor(OnlineStore.Infrastructure.Persistence.AppDbContext)
FNDA:0,GetByIdAsync()
FNDA:0,GetByNormalizedEmailAsync()
FNDA:0,UpdatePasswordHashAsync()
FNF:5
FNH:0
BRDA:50,50,102,-
BRDA:50,50,103,-
BRF:2
BRH:0
DA:17,0
DA:18,0
DA:20,0
DA:21,0
DA:25,0
DA:27,0
DA:28,0
DA:29,0
DA:33,0
DA:34,0
DA:35,0
DA:36,0
DA:37,0
DA:41,0
DA:42,0
DA:43,0
DA:44,0
DA:48,0
DA:49,0
DA:50,0
DA:52,0
DA:53,0
LH:0
LF:22
end_of_record
SF:C:\Pet-Project\OnlineStore\OnlineStore.Infrastructure\Security\CookieFactory.cs
FN:16,Refresh(Microsoft.AspNetCore.Http.HttpRequest)
FN:29,Expired(Microsoft.AspNetCore.Http.HttpRequest)
FN:37,RefreshCookieOptions(System.Boolean)
FN:48,RefreshCookieOptions(System.Boolean,System.Int32)
FN:57,ExpiredNow(System.Boolean)
FNDA:20,Refresh(Microsoft.AspNetCore.Http.HttpRequest)
FNDA:4,Expired(Microsoft.AspNetCore.Http.HttpRequest)
FNDA:0,RefreshCookieOptions(System.Boolean)
FNDA:0,RefreshCookieOptions(System.Boolean,System.Int32)
FNDA:0,ExpiredNow(System.Boolean)
FNF:5
FNH:2
BRDA:37,37,104,-
BRDA:37,37,105,-
BRDA:48,48,106,-
BRDA:48,48,107,-
BRDA:57,57,108,-
BRDA:57,57,109,-
BRF:6
BRH:0
DA:16,20
DA:17,20
DA:18,20
DA:19,20
DA:20,20
DA:21,20
DA:22,20
DA:23,20
DA:29,4
DA:30,4
DA:31,4
DA:32,4
DA:33,4
DA:37,0
DA:38,0
DA:39,0
DA:40,0
DA:41,0
DA:42,0
DA:43,0
DA:44,0
DA:45,0
DA:46,0
DA:48,0
DA:49,0
DA:50,0
DA:51,0
DA:52,0
DA:53,0
DA:54,0
DA:55,0
DA:57,0
DA:58,0
DA:59,0
DA:60,0
DA:61,0
DA:62,0
DA:63,0
DA:64,0
LH:13
LF:39
end_of_record
SF:C:\Pet-Project\OnlineStore\OnlineStore.Infrastructure\Security\RefreshTokenFactory.cs
FN:21,Create(System.Guid,System.String,System.String)
FN:41,Hash(System.String)
FN:18,.ctor(Microsoft.Extensions.Options.IOptions`1<OnlineStore.Infrastructure.Options.JwtOptions>)
FNDA:0,Create(System.Guid,System.String,System.String)
FNDA:8,Hash(System.String)
FNDA:8,.ctor(Microsoft.Extensions.Options.IOptions`1<OnlineStore.Infrastructure.Options.JwtOptions>)
FNF:3
FNH:2
BRF:0
BRH:0
DA:18,8
DA:21,0
DA:23,0
DA:24,0
DA:26,0
DA:27,0
DA:28,0
DA:29,0
DA:30,0
DA:31,0
DA:32,0
DA:33,0
DA:34,0
DA:35,0
DA:37,0
DA:38,0
DA:41,8
DA:42,8
DA:43,8
DA:44,8
DA:45,8
LH:6
LF:21
end_of_record
SF:C:\Pet-Project\OnlineStore\OnlineStore.Infrastructure\Services\AuthService.cs
FN:55,NormalizeEmail(System.String)
FN:300,GenerateJwt(OnlineStore.Domain.Entities.User)
FN:35,.ctor(OnlineStore.Application.Interfaces.Repositories.IUserRepository,Microsoft.AspNetCore.Identity.IPasswordHasher`1<OnlineStore.Domain.Entities.User>,Microsoft.Extensions.Options.IOptions`1<OnlineStore.Infrastructure.Options.JwtOptions>,Microsoft.Extensions.Logging.ILogger`1<OnlineStore.Infrastructure.Services.AuthService>,OnlineStore.Infrastructure.Security.IRefreshTokenFactory,OnlineStore.Application.Interfaces.Repositories.IRefreshTokenRepository,OnlineStore.Infrastructure.Persistence.AppDbContext)
FN:195,ChangePasswordAsync()
FN:179,GetProfileAsync()
FN:330,GetSessionsAsync()
FN:368,GetSessionsAsync()
FN:280,IssueTokensAsync()
FN:129,LoginAsync()
FN:345,LogoutAllAsync()
FN:394,LogoutAllAsync()
FN:261,LogoutAsync()
FN:351,LogoutSessionAsync()
FN:406,LogoutSessionAsync()
FN:213,RefreshAsync()
FN:66,RegisterAsync()
FNDA:20,NormalizeEmail(System.String)
FNDA:12,GenerateJwt(OnlineStore.Domain.Entities.User)
FNDA:40,.ctor(OnlineStore.Application.Interfaces.Repositories.IUserRepository,Microsoft.AspNetCore.Identity.IPasswordHasher`1<OnlineStore.Domain.Entities.User>,Microsoft.Extensions.Options.IOptions`1<OnlineStore.Infrastructure.Options.JwtOptions>,Microsoft.Extensions.Logging.ILogger`1<OnlineStore.Infrastructure.Services.AuthService>,OnlineStore.Infrastructure.Security.IRefreshTokenFactory,OnlineStore.Application.Interfaces.Repositories.IRefreshTokenRepository,OnlineStore.Infrastructure.Persistence.AppDbContext)
FNDA:4,ChangePasswordAsync()
FNDA:8,GetProfileAsync()
FNDA:4,GetSessionsAsync()
FNDA:0,GetSessionsAsync()
FNDA:0,IssueTokensAsync()
FNDA:12,LoginAsync()
FNDA:0,LogoutAllAsync()
FNDA:0,LogoutAllAsync()
FNDA:12,LogoutAsync()
FNDA:4,LogoutSessionAsync()
FNDA:0,LogoutSessionAsync()
FNDA:8,RefreshAsync()
FNDA:8,RegisterAsync()
FNF:16
FNH:11
BRDA:56,56,110,4
BRDA:56,56,111,-
BRDA:308,308,112,4
BRDA:308,308,113,4
BRDA:377,377,114,-
BRDA:377,377,115,-
BRDA:196,196,116,4
BRDA:196,196,117,-
BRDA:200,200,118,4
BRDA:200,200,119,-
BRDA:180,180,120,4
BRDA:180,180,121,4
BRDA:371,371,122,-
BRDA:371,371,123,-
BRDA:130,130,124,4
BRDA:130,130,125,-
BRDA:137,137,126,4
BRDA:137,137,127,4
BRDA:144,144,128,4
BRDA:144,144,129,4
BRDA:151,151,130,4
BRDA:151,151,131,4
BRDA:262,262,132,4
BRDA:262,262,133,4
BRDA:266,266,134,4
BRDA:266,266,135,4
BRDA:268,268,136,4
BRDA:268,268,137,4
BRDA:352,352,138,4
BRDA:352,352,139,-
BRDA:355,355,140,4
BRDA:355,355,141,-
BRDA:358,358,142,4
BRDA:358,358,143,4
BRDA:407,407,144,-
BRDA:407,407,145,-
BRDA:411,411,146,-
BRDA:411,411,147,-
BRDA:414,414,148,-
BRDA:414,414,149,-
BRDA:214,214,150,4
BRDA:214,214,151,-
BRDA:219,219,152,4
BRDA:219,219,153,-
BRDA:223,223,154,4
BRDA:223,223,155,4
BRDA:233,233,156,4
BRDA:233,233,157,-
BRDA:67,67,158,4
BRDA:67,67,159,-
BRDA:75,75,160,4
BRDA:75,75,161,4
BRDA:88,88,162,4
BRDA:88,88,163,4
BRF:54
BRH:34
DA:35,40
DA:36,40
DA:37,40
DA:38,40
DA:39,40
DA:40,40
DA:41,40
DA:42,40
DA:43,40
DA:44,40
DA:45,40
DA:46,40
DA:47,40
DA:48,40
DA:49,40
DA:50,40
DA:51,40
DA:55,20
DA:56,20
DA:57,0
DA:59,20
DA:60,20
DA:66,8
DA:67,8
DA:68,0
DA:70,8
DA:71,8
DA:74,8
DA:75,8
DA:76,4
DA:79,4
DA:80,4
DA:81,4
DA:82,4
DA:83,4
DA:84,4
DA:85,4
DA:86,4
DA:88,4
DA:90,4
DA:92,4
DA:95,4
DA:99,4
DA:102,4
DA:105,4
DA:106,4
DA:108,4
DA:110,4
DA:111,4
DA:112,4
DA:113,4
DA:114,4
DA:115,4
DA:117,0
DA:118,0
DA:119,0
DA:120,0
DA:121,0
DA:123,4
DA:129,12
DA:130,12
DA:131,0
DA:133,12
DA:134,12
DA:137,12
DA:138,4
DA:139,4
DA:140,4
DA:143,8
DA:144,8
DA:145,4
DA:146,4
DA:147,4
DA:151,4
DA:152,4
DA:153,4
DA:154,4
DA:155,4
DA:158,4
DA:161,4
DA:162,4
DA:165,4
DA:167,4
DA:168,4
DA:169,4
DA:170,4
DA:171,4
DA:172,4
DA:173,4
DA:179,8
DA:180,8
DA:181,8
DA:183,4
DA:184,4
DA:185,4
DA:186,4
DA:187,4
DA:188,4
DA:189,4
DA:195,4
DA:196,4
DA:197,4
DA:199,4
DA:200,4
DA:201,0
DA:203,4
DA:205,4
DA:206,4
DA:207,4
DA:213,8
DA:214,8
DA:215,0
DA:218,8
DA:219,8
DA:220,8
DA:223,8
DA:224,4
DA:225,4
DA:226,4
DA:230,4
DA:233,4
DA:234,4
DA:237,4
DA:240,4
DA:241,4
DA:244,4
DA:247,4
DA:249,4
DA:250,4
DA:251,4
DA:252,4
DA:253,4
DA:254,4
DA:255,4
DA:261,12
DA:262,16
DA:264,8
DA:265,8
DA:266,12
DA:268,4
DA:269,4
DA:270,4
DA:271,4
DA:272,4
DA:273,12
DA:280,0
DA:282,0
DA:285,0
DA:286,0
DA:288,0
DA:289,0
DA:290,0
DA:291,0
DA:292,0
DA:293,0
DA:294,0
DA:300,12
DA:301,12
DA:302,12
DA:303,12
DA:304,12
DA:305,12
DA:306,12
DA:308,12
DA:309,4
DA:311,4
DA:312,4
DA:314,12
DA:315,12
DA:316,12
DA:318,12
DA:319,12
DA:320,12
DA:321,12
DA:322,12
DA:323,12
DA:324,12
DA:326,12
DA:327,12
DA:330,4
DA:331,4
DA:332,8
DA:333,8
DA:334,8
DA:335,8
DA:336,8
DA:337,8
DA:338,8
DA:339,8
DA:340,8
DA:341,8
DA:342,4
DA:345,0
DA:346,0
DA:347,0
DA:348,0
DA:351,4
DA:352,4
DA:353,4
DA:355,4
DA:356,0
DA:358,4
DA:359,4
DA:361,4
DA:362,4
DA:368,0
DA:370,0
DA:371,0
DA:372,0
DA:374,0
DA:377,0
DA:378,0
DA:379,0
DA:380,0
DA:381,0
DA:382,0
DA:383,0
DA:384,0
DA:385,0
DA:386,0
DA:388,0
DA:389,0
DA:394,0
DA:396,0
DA:397,0
DA:399,0
DA:400,0
DA:406,0
DA:407,0
DA:408,0
DA:411,0
DA:412,0
DA:414,0
DA:415,0
DA:416,0
DA:417,0
DA:419,0
DA:420,0
DA:421,0
LH:179
LF:239
end_of_record
